<?xml version="1.0" encoding="UTF-8"?>
<testsuite xmlns:xsi="http://www.w3.org/2001/XMLSchema-instance" xsi:noNamespaceSchemaLocation="https://maven.apache.org/surefire/maven-surefire-plugin/xsd/surefire-test-report.xsd" name="mflix.api.daos.MigrationTest" time="15.642" tests="2" errors="0" skipped="0" failures="2">
  <properties>
    <property name="sun.desktop" value="windows"/>
    <property name="awt.toolkit" value="sun.awt.windows.WToolkit"/>
    <property name="java.specification.version" value="11"/>
    <property name="sun.cpu.isalist" value="amd64"/>
    <property name="sun.jnu.encoding" value="Cp1252"/>
    <property name="java.class.path" value="D:\1JavaOneWork\MyRepositories\mongodb\mflix\target\test-classes;D:\1JavaOneWork\MyRepositories\mongodb\mflix\target\classes;C:\Users\612460865\.m2\repository\org\springframework\boot\spring-boot-starter-web\2.0.3.RELEASE\spring-boot-starter-web-2.0.3.RELEASE.jar;C:\Users\612460865\.m2\repository\org\springframework\boot\spring-boot-starter\2.0.3.RELEASE\spring-boot-starter-2.0.3.RELEASE.jar;C:\Users\612460865\.m2\repository\org\springframework\boot\spring-boot-starter-logging\2.0.3.RELEASE\spring-boot-starter-logging-2.0.3.RELEASE.jar;C:\Users\612460865\.m2\repository\ch\qos\logback\logback-classic\1.2.3\logback-classic-1.2.3.jar;C:\Users\612460865\.m2\repository\ch\qos\logback\logback-core\1.2.3\logback-core-1.2.3.jar;C:\Users\612460865\.m2\repository\org\apache\logging\log4j\log4j-to-slf4j\2.10.0\log4j-to-slf4j-2.10.0.jar;C:\Users\612460865\.m2\repository\org\apache\logging\log4j\log4j-api\2.10.0\log4j-api-2.10.0.jar;C:\Users\612460865\.m2\repository\org\slf4j\jul-to-slf4j\1.7.25\jul-to-slf4j-1.7.25.jar;C:\Users\612460865\.m2\repository\javax\annotation\javax.annotation-api\1.3.2\javax.annotation-api-1.3.2.jar;C:\Users\612460865\.m2\repository\org\yaml\snakeyaml\1.19\snakeyaml-1.19.jar;C:\Users\612460865\.m2\repository\org\springframework\boot\spring-boot-starter-json\2.0.3.RELEASE\spring-boot-starter-json-2.0.3.RELEASE.jar;C:\Users\612460865\.m2\repository\com\fasterxml\jackson\datatype\jackson-datatype-jdk8\2.9.6\jackson-datatype-jdk8-2.9.6.jar;C:\Users\612460865\.m2\repository\com\fasterxml\jackson\datatype\jackson-datatype-jsr310\2.9.6\jackson-datatype-jsr310-2.9.6.jar;C:\Users\612460865\.m2\repository\com\fasterxml\jackson\module\jackson-module-parameter-names\2.9.6\jackson-module-parameter-names-2.9.6.jar;C:\Users\612460865\.m2\repository\org\springframework\boot\spring-boot-starter-tomcat\2.0.3.RELEASE\spring-boot-starter-tomcat-2.0.3.RELEASE.jar;C:\Users\612460865\.m2\repository\org\apache\tomcat\embed\tomcat-embed-core\8.5.31\tomcat-embed-core-8.5.31.jar;C:\Users\612460865\.m2\repository\org\apache\tomcat\embed\tomcat-embed-el\8.5.31\tomcat-embed-el-8.5.31.jar;C:\Users\612460865\.m2\repository\org\apache\tomcat\embed\tomcat-embed-websocket\8.5.31\tomcat-embed-websocket-8.5.31.jar;C:\Users\612460865\.m2\repository\org\hibernate\validator\hibernate-validator\6.0.10.Final\hibernate-validator-6.0.10.Final.jar;C:\Users\612460865\.m2\repository\javax\validation\validation-api\2.0.1.Final\validation-api-2.0.1.Final.jar;C:\Users\612460865\.m2\repository\org\jboss\logging\jboss-logging\3.3.2.Final\jboss-logging-3.3.2.Final.jar;C:\Users\612460865\.m2\repository\com\fasterxml\classmate\1.3.4\classmate-1.3.4.jar;C:\Users\612460865\.m2\repository\org\springframework\spring-webmvc\5.0.7.RELEASE\spring-webmvc-5.0.7.RELEASE.jar;C:\Users\612460865\.m2\repository\org\springframework\boot\spring-boot-starter-test\2.0.3.RELEASE\spring-boot-starter-test-2.0.3.RELEASE.jar;C:\Users\612460865\.m2\repository\org\springframework\boot\spring-boot-test\2.0.3.RELEASE\spring-boot-test-2.0.3.RELEASE.jar;C:\Users\612460865\.m2\repository\org\springframework\boot\spring-boot-test-autoconfigure\2.0.3.RELEASE\spring-boot-test-autoconfigure-2.0.3.RELEASE.jar;C:\Users\612460865\.m2\repository\com\jayway\jsonpath\json-path\2.4.0\json-path-2.4.0.jar;C:\Users\612460865\.m2\repository\net\minidev\json-smart\2.3\json-smart-2.3.jar;C:\Users\612460865\.m2\repository\net\minidev\accessors-smart\1.2\accessors-smart-1.2.jar;C:\Users\612460865\.m2\repository\org\ow2\asm\asm\5.0.4\asm-5.0.4.jar;C:\Users\612460865\.m2\repository\org\slf4j\slf4j-api\1.7.25\slf4j-api-1.7.25.jar;C:\Users\612460865\.m2\repository\junit\junit\4.12\junit-4.12.jar;C:\Users\612460865\.m2\repository\org\assertj\assertj-core\3.9.1\assertj-core-3.9.1.jar;C:\Users\612460865\.m2\repository\org\mockito\mockito-core\2.15.0\mockito-core-2.15.0.jar;C:\Users\612460865\.m2\repository\net\bytebuddy\byte-buddy\1.7.9\byte-buddy-1.7.9.jar;C:\Users\612460865\.m2\repository\net\bytebuddy\byte-buddy-agent\1.7.9\byte-buddy-agent-1.7.9.jar;C:\Users\612460865\.m2\repository\org\objenesis\objenesis\2.6\objenesis-2.6.jar;C:\Users\612460865\.m2\repository\org\hamcrest\hamcrest-core\1.3\hamcrest-core-1.3.jar;C:\Users\612460865\.m2\repository\org\hamcrest\hamcrest-library\1.3\hamcrest-library-1.3.jar;C:\Users\612460865\.m2\repository\org\skyscreamer\jsonassert\1.5.0\jsonassert-1.5.0.jar;C:\Users\612460865\.m2\repository\com\vaadin\external\google\android-json\0.0.20131108.vaadin1\android-json-0.0.20131108.vaadin1.jar;C:\Users\612460865\.m2\repository\org\springframework\spring-test\5.0.7.RELEASE\spring-test-5.0.7.RELEASE.jar;C:\Users\612460865\.m2\repository\org\xmlunit\xmlunit-core\2.5.1\xmlunit-core-2.5.1.jar;C:\Users\612460865\.m2\repository\org\springframework\boot\spring-boot-starter-security\2.0.4.RELEASE\spring-boot-starter-security-2.0.4.RELEASE.jar;C:\Users\612460865\.m2\repository\org\springframework\spring-aop\5.0.8.RELEASE\spring-aop-5.0.8.RELEASE.jar;C:\Users\612460865\.m2\repository\org\springframework\security\spring-security-config\5.0.7.RELEASE\spring-security-config-5.0.7.RELEASE.jar;C:\Users\612460865\.m2\repository\org\springframework\security\spring-security-core\5.0.7.RELEASE\spring-security-core-5.0.7.RELEASE.jar;C:\Users\612460865\.m2\repository\org\springframework\security\spring-security-web\5.0.7.RELEASE\spring-security-web-5.0.7.RELEASE.jar;C:\Users\612460865\.m2\repository\org\springframework\boot\spring-boot\2.0.4.RELEASE\spring-boot-2.0.4.RELEASE.jar;C:\Users\612460865\.m2\repository\org\springframework\spring-context\5.0.7.RELEASE\spring-context-5.0.7.RELEASE.jar;C:\Users\612460865\.m2\repository\org\springframework\spring-beans\5.0.7.RELEASE\spring-beans-5.0.7.RELEASE.jar;C:\Users\612460865\.m2\repository\org\springframework\spring-expression\5.0.7.RELEASE\spring-expression-5.0.7.RELEASE.jar;C:\Users\612460865\.m2\repository\org\springframework\spring-core\5.0.7.RELEASE\spring-core-5.0.7.RELEASE.jar;C:\Users\612460865\.m2\repository\org\springframework\spring-jcl\5.0.7.RELEASE\spring-jcl-5.0.7.RELEASE.jar;C:\Users\612460865\.m2\repository\org\springframework\boot\spring-boot-autoconfigure\2.0.3.RELEASE\spring-boot-autoconfigure-2.0.3.RELEASE.jar;C:\Users\612460865\.m2\repository\org\springframework\spring-web\5.0.7.RELEASE\spring-web-5.0.7.RELEASE.jar;C:\Users\612460865\.m2\repository\io\jsonwebtoken\jjwt\0.9.1\jjwt-0.9.1.jar;C:\Users\612460865\.m2\repository\com\fasterxml\jackson\core\jackson-databind\2.9.6\jackson-databind-2.9.6.jar;C:\Users\612460865\.m2\repository\com\fasterxml\jackson\core\jackson-annotations\2.9.0\jackson-annotations-2.9.0.jar;C:\Users\612460865\.m2\repository\com\fasterxml\jackson\core\jackson-core\2.9.6\jackson-core-2.9.6.jar;C:\Users\612460865\.m2\repository\org\junit\jupiter\junit-jupiter-api\5.1.0\junit-jupiter-api-5.1.0.jar;C:\Users\612460865\.m2\repository\org\apiguardian\apiguardian-api\1.0.0\apiguardian-api-1.0.0.jar;C:\Users\612460865\.m2\repository\org\opentest4j\opentest4j\1.0.0\opentest4j-1.0.0.jar;C:\Users\612460865\.m2\repository\org\junit\platform\junit-platform-commons\1.1.0\junit-platform-commons-1.1.0.jar;C:\Users\612460865\.m2\repository\org\mongodb\mongodb-driver-sync\3.9.1\mongodb-driver-sync-3.9.1.jar;C:\Users\612460865\.m2\repository\org\mongodb\bson\3.9.1\bson-3.9.1.jar;C:\Users\612460865\.m2\repository\org\mongodb\mongodb-driver-core\3.9.1\mongodb-driver-core-3.9.1.jar;"/>
    <property name="java.vm.vendor" value="JetBrains s.r.o."/>
    <property name="sun.arch.data.model" value="64"/>
    <property name="user.variant" value=""/>
    <property name="java.vendor.url" value="https://openjdk.java.net/"/>
    <property name="user.timezone" value="Asia/Calcutta"/>
    <property name="java.vm.specification.version" value="11"/>
    <property name="os.name" value="Windows 10"/>
    <property name="sun.java.launcher" value="SUN_STANDARD"/>
    <property name="user.country" value="US"/>
    <property name="sun.boot.library.path" value="C:\Users\612460865\AppData\Local\JetBrains\Toolbox\apps\IDEA-C\ch-0\202.6948.69\jbr\bin"/>
    <property name="sun.java.command" value="C:\Users\612460~1\AppData\Local\Temp\surefire3683119064111451256\surefirebooter17583175652363138809.jar C:\Users\612460865\AppData\Local\Temp\surefire3683119064111451256 2020-09-14T17-38-21_415-jvmRun1 surefire6796571002544887455tmp surefire_08984640460557794736tmp"/>
    <property name="jdk.debug" value="release"/>
    <property name="surefire.test.class.path" value="D:\1JavaOneWork\MyRepositories\mongodb\mflix\target\test-classes;D:\1JavaOneWork\MyRepositories\mongodb\mflix\target\classes;C:\Users\612460865\.m2\repository\org\springframework\boot\spring-boot-starter-web\2.0.3.RELEASE\spring-boot-starter-web-2.0.3.RELEASE.jar;C:\Users\612460865\.m2\repository\org\springframework\boot\spring-boot-starter\2.0.3.RELEASE\spring-boot-starter-2.0.3.RELEASE.jar;C:\Users\612460865\.m2\repository\org\springframework\boot\spring-boot-starter-logging\2.0.3.RELEASE\spring-boot-starter-logging-2.0.3.RELEASE.jar;C:\Users\612460865\.m2\repository\ch\qos\logback\logback-classic\1.2.3\logback-classic-1.2.3.jar;C:\Users\612460865\.m2\repository\ch\qos\logback\logback-core\1.2.3\logback-core-1.2.3.jar;C:\Users\612460865\.m2\repository\org\apache\logging\log4j\log4j-to-slf4j\2.10.0\log4j-to-slf4j-2.10.0.jar;C:\Users\612460865\.m2\repository\org\apache\logging\log4j\log4j-api\2.10.0\log4j-api-2.10.0.jar;C:\Users\612460865\.m2\repository\org\slf4j\jul-to-slf4j\1.7.25\jul-to-slf4j-1.7.25.jar;C:\Users\612460865\.m2\repository\javax\annotation\javax.annotation-api\1.3.2\javax.annotation-api-1.3.2.jar;C:\Users\612460865\.m2\repository\org\yaml\snakeyaml\1.19\snakeyaml-1.19.jar;C:\Users\612460865\.m2\repository\org\springframework\boot\spring-boot-starter-json\2.0.3.RELEASE\spring-boot-starter-json-2.0.3.RELEASE.jar;C:\Users\612460865\.m2\repository\com\fasterxml\jackson\datatype\jackson-datatype-jdk8\2.9.6\jackson-datatype-jdk8-2.9.6.jar;C:\Users\612460865\.m2\repository\com\fasterxml\jackson\datatype\jackson-datatype-jsr310\2.9.6\jackson-datatype-jsr310-2.9.6.jar;C:\Users\612460865\.m2\repository\com\fasterxml\jackson\module\jackson-module-parameter-names\2.9.6\jackson-module-parameter-names-2.9.6.jar;C:\Users\612460865\.m2\repository\org\springframework\boot\spring-boot-starter-tomcat\2.0.3.RELEASE\spring-boot-starter-tomcat-2.0.3.RELEASE.jar;C:\Users\612460865\.m2\repository\org\apache\tomcat\embed\tomcat-embed-core\8.5.31\tomcat-embed-core-8.5.31.jar;C:\Users\612460865\.m2\repository\org\apache\tomcat\embed\tomcat-embed-el\8.5.31\tomcat-embed-el-8.5.31.jar;C:\Users\612460865\.m2\repository\org\apache\tomcat\embed\tomcat-embed-websocket\8.5.31\tomcat-embed-websocket-8.5.31.jar;C:\Users\612460865\.m2\repository\org\hibernate\validator\hibernate-validator\6.0.10.Final\hibernate-validator-6.0.10.Final.jar;C:\Users\612460865\.m2\repository\javax\validation\validation-api\2.0.1.Final\validation-api-2.0.1.Final.jar;C:\Users\612460865\.m2\repository\org\jboss\logging\jboss-logging\3.3.2.Final\jboss-logging-3.3.2.Final.jar;C:\Users\612460865\.m2\repository\com\fasterxml\classmate\1.3.4\classmate-1.3.4.jar;C:\Users\612460865\.m2\repository\org\springframework\spring-webmvc\5.0.7.RELEASE\spring-webmvc-5.0.7.RELEASE.jar;C:\Users\612460865\.m2\repository\org\springframework\boot\spring-boot-starter-test\2.0.3.RELEASE\spring-boot-starter-test-2.0.3.RELEASE.jar;C:\Users\612460865\.m2\repository\org\springframework\boot\spring-boot-test\2.0.3.RELEASE\spring-boot-test-2.0.3.RELEASE.jar;C:\Users\612460865\.m2\repository\org\springframework\boot\spring-boot-test-autoconfigure\2.0.3.RELEASE\spring-boot-test-autoconfigure-2.0.3.RELEASE.jar;C:\Users\612460865\.m2\repository\com\jayway\jsonpath\json-path\2.4.0\json-path-2.4.0.jar;C:\Users\612460865\.m2\repository\net\minidev\json-smart\2.3\json-smart-2.3.jar;C:\Users\612460865\.m2\repository\net\minidev\accessors-smart\1.2\accessors-smart-1.2.jar;C:\Users\612460865\.m2\repository\org\ow2\asm\asm\5.0.4\asm-5.0.4.jar;C:\Users\612460865\.m2\repository\org\slf4j\slf4j-api\1.7.25\slf4j-api-1.7.25.jar;C:\Users\612460865\.m2\repository\junit\junit\4.12\junit-4.12.jar;C:\Users\612460865\.m2\repository\org\assertj\assertj-core\3.9.1\assertj-core-3.9.1.jar;C:\Users\612460865\.m2\repository\org\mockito\mockito-core\2.15.0\mockito-core-2.15.0.jar;C:\Users\612460865\.m2\repository\net\bytebuddy\byte-buddy\1.7.9\byte-buddy-1.7.9.jar;C:\Users\612460865\.m2\repository\net\bytebuddy\byte-buddy-agent\1.7.9\byte-buddy-agent-1.7.9.jar;C:\Users\612460865\.m2\repository\org\objenesis\objenesis\2.6\objenesis-2.6.jar;C:\Users\612460865\.m2\repository\org\hamcrest\hamcrest-core\1.3\hamcrest-core-1.3.jar;C:\Users\612460865\.m2\repository\org\hamcrest\hamcrest-library\1.3\hamcrest-library-1.3.jar;C:\Users\612460865\.m2\repository\org\skyscreamer\jsonassert\1.5.0\jsonassert-1.5.0.jar;C:\Users\612460865\.m2\repository\com\vaadin\external\google\android-json\0.0.20131108.vaadin1\android-json-0.0.20131108.vaadin1.jar;C:\Users\612460865\.m2\repository\org\springframework\spring-test\5.0.7.RELEASE\spring-test-5.0.7.RELEASE.jar;C:\Users\612460865\.m2\repository\org\xmlunit\xmlunit-core\2.5.1\xmlunit-core-2.5.1.jar;C:\Users\612460865\.m2\repository\org\springframework\boot\spring-boot-starter-security\2.0.4.RELEASE\spring-boot-starter-security-2.0.4.RELEASE.jar;C:\Users\612460865\.m2\repository\org\springframework\spring-aop\5.0.8.RELEASE\spring-aop-5.0.8.RELEASE.jar;C:\Users\612460865\.m2\repository\org\springframework\security\spring-security-config\5.0.7.RELEASE\spring-security-config-5.0.7.RELEASE.jar;C:\Users\612460865\.m2\repository\org\springframework\security\spring-security-core\5.0.7.RELEASE\spring-security-core-5.0.7.RELEASE.jar;C:\Users\612460865\.m2\repository\org\springframework\security\spring-security-web\5.0.7.RELEASE\spring-security-web-5.0.7.RELEASE.jar;C:\Users\612460865\.m2\repository\org\springframework\boot\spring-boot\2.0.4.RELEASE\spring-boot-2.0.4.RELEASE.jar;C:\Users\612460865\.m2\repository\org\springframework\spring-context\5.0.7.RELEASE\spring-context-5.0.7.RELEASE.jar;C:\Users\612460865\.m2\repository\org\springframework\spring-beans\5.0.7.RELEASE\spring-beans-5.0.7.RELEASE.jar;C:\Users\612460865\.m2\repository\org\springframework\spring-expression\5.0.7.RELEASE\spring-expression-5.0.7.RELEASE.jar;C:\Users\612460865\.m2\repository\org\springframework\spring-core\5.0.7.RELEASE\spring-core-5.0.7.RELEASE.jar;C:\Users\612460865\.m2\repository\org\springframework\spring-jcl\5.0.7.RELEASE\spring-jcl-5.0.7.RELEASE.jar;C:\Users\612460865\.m2\repository\org\springframework\boot\spring-boot-autoconfigure\2.0.3.RELEASE\spring-boot-autoconfigure-2.0.3.RELEASE.jar;C:\Users\612460865\.m2\repository\org\springframework\spring-web\5.0.7.RELEASE\spring-web-5.0.7.RELEASE.jar;C:\Users\612460865\.m2\repository\io\jsonwebtoken\jjwt\0.9.1\jjwt-0.9.1.jar;C:\Users\612460865\.m2\repository\com\fasterxml\jackson\core\jackson-databind\2.9.6\jackson-databind-2.9.6.jar;C:\Users\612460865\.m2\repository\com\fasterxml\jackson\core\jackson-annotations\2.9.0\jackson-annotations-2.9.0.jar;C:\Users\612460865\.m2\repository\com\fasterxml\jackson\core\jackson-core\2.9.6\jackson-core-2.9.6.jar;C:\Users\612460865\.m2\repository\org\junit\jupiter\junit-jupiter-api\5.1.0\junit-jupiter-api-5.1.0.jar;C:\Users\612460865\.m2\repository\org\apiguardian\apiguardian-api\1.0.0\apiguardian-api-1.0.0.jar;C:\Users\612460865\.m2\repository\org\opentest4j\opentest4j\1.0.0\opentest4j-1.0.0.jar;C:\Users\612460865\.m2\repository\org\junit\platform\junit-platform-commons\1.1.0\junit-platform-commons-1.1.0.jar;C:\Users\612460865\.m2\repository\org\mongodb\mongodb-driver-sync\3.9.1\mongodb-driver-sync-3.9.1.jar;C:\Users\612460865\.m2\repository\org\mongodb\bson\3.9.1\bson-3.9.1.jar;C:\Users\612460865\.m2\repository\org\mongodb\mongodb-driver-core\3.9.1\mongodb-driver-core-3.9.1.jar;"/>
    <property name="sun.cpu.endian" value="little"/>
    <property name="user.home" value="C:\Users\612460865"/>
    <property name="user.language" value="en"/>
    <property name="java.specification.vendor" value="Oracle Corporation"/>
    <property name="java.version.date" value="2020-07-14"/>
    <property name="java.home" value="C:\Users\612460865\AppData\Local\JetBrains\Toolbox\apps\IDEA-C\ch-0\202.6948.69\jbr"/>
    <property name="file.separator" value="\"/>
    <property name="basedir" value="D:\1JavaOneWork\MyRepositories\mongodb\mflix"/>
    <property name="java.vm.compressedOopsMode" value="Zero based"/>
    <property name="line.separator" value="&#10;"/>
    <property name="java.specification.name" value="Java Platform API Specification"/>
    <property name="java.vm.specification.vendor" value="Oracle Corporation"/>
    <property name="java.awt.graphicsenv" value="sun.awt.Win32GraphicsEnvironment"/>
    <property name="surefire.real.class.path" value="C:\Users\612460~1\AppData\Local\Temp\surefire3683119064111451256\surefirebooter17583175652363138809.jar"/>
    <property name="user.script" value=""/>
    <property name="sun.management.compiler" value="HotSpot 64-Bit Tiered Compilers"/>
    <property name="java.runtime.version" value="11.0.8+10-b944.31"/>
    <property name="user.name" value="612460865"/>
    <property name="path.separator" value=";"/>
    <property name="os.version" value="10.0"/>
    <property name="java.runtime.name" value="OpenJDK Runtime Environment"/>
    <property name="file.encoding" value="Cp1252"/>
    <property name="java.vm.name" value="OpenJDK 64-Bit Server VM"/>
    <property name="java.vendor.version" value="JBR-11.0.8.10-944.31-jcef"/>
    <property name="localRepository" value="C:\Users\612460865\.m2\repository"/>
    <property name="java.vendor.url.bug" value="https://bugreport.java.com/bugreport/"/>
    <property name="java.io.tmpdir" value="C:\Users\612460~1\AppData\Local\Temp\"/>
    <property name="idea.version" value="2020.2.1"/>
    <property name="java.version" value="11.0.8"/>
    <property name="user.dir" value="D:\1JavaOneWork\MyRepositories\mongodb\mflix"/>
    <property name="os.arch" value="amd64"/>
    <property name="java.vm.specification.name" value="Java Virtual Machine Specification"/>
    <property name="java.awt.printerjob" value="sun.awt.windows.WPrinterJob"/>
    <property name="sun.os.patch.level" value=""/>
    <property name="java.library.path" value="C:\Users\612460865\AppData\Local\JetBrains\Toolbox\apps\IDEA-C\ch-0\202.6948.69\jbr\bin;C:\WINDOWS\Sun\Java\bin;C:\WINDOWS\system32;C:\WINDOWS;C:\oraclexe\dbhomeXE\bin;C:\Program Files (x86)\Common Files\Oracle\Java\javapath;C:\WINDOWS\system32;C:\WINDOWS;C:\WINDOWS\System32\Wbem;C:\WINDOWS\System32\WindowsPowerShell\v1.0\;C:\WINDOWS\System32\OpenSSH\;C:\Program Files\Git\cmd;C:\Program Files\TortoiseSVN\bin;C:\Program Files\PuTTY\;C:\Program Files\Docker\Docker\resources\bin;C:\ProgramData\DockerDesktop\version-bin;C:\Program Files\nodejs\;C:\Program Files\Amazon\AWSCLIV2\;C:\Program Files\Java\jdk1.8.0_241\bin;C:\Users\612460865\AppData\Roaming\npm;D:\1JavaOneWork\BasicInstalled\mongosh;D:\1JavaOneWork\BasicInstalled\mongodb\bin;;."/>
    <property name="java.vm.info" value="mixed mode"/>
    <property name="java.vendor" value="JetBrains s.r.o."/>
    <property name="java.vm.version" value="11.0.8+10-b944.31"/>
    <property name="sun.io.unicode.encoding" value="UnicodeLittle"/>
    <property name="java.class.version" value="55.0"/>
  </properties>
  <testcase name="testAllDocumentsIMDBRatingNumber" classname="mflix.api.daos.MigrationTest" time="7.789">
    <failure message="Should not find documents where `imdb.rating` is of not of `number` type expected:&lt;0&gt; but was:&lt;61&gt;" type="java.lang.AssertionError"><![CDATA[java.lang.AssertionError: Should not find documents where `imdb.rating` is of not of `number` type expected:<0> but was:<61>
	at mflix.api.daos.MigrationTest.testAllDocumentsIMDBRatingNumber(MigrationTest.java:42)
]]></failure>
    <system-out><![CDATA[2020-09-14 17:39:04.961  INFO 27984 --- [ngodb.net:27017] org.mongodb.driver.cluster               : Monitor thread successfully connected to server with description ServerDescription{address=mflix-shard-00-01.auswo.mongodb.net:27017, type=REPLICA_SET_PRIMARY, state=CONNECTED, ok=true, version=ServerVersion{versionList=[4, 2, 9]}, minWireVersion=0, maxWireVersion=8, maxDocumentSize=16777216, logicalSessionTimeoutMinutes=30, roundTripTimeNanos=242749500, setName='atlas-fqf6z7-shard-0', canonicalAddress=mflix-shard-00-01.auswo.mongodb.net:27017, hosts=[mflix-shard-00-02.auswo.mongodb.net:27017, mflix-shard-00-01.auswo.mongodb.net:27017, mflix-shard-00-00.auswo.mongodb.net:27017], passives=[], arbiters=[], primary='mflix-shard-00-01.auswo.mongodb.net:27017', tagSet=TagSet{[Tag{name='nodeType', value='ELECTABLE'}, Tag{name='provider', value='AWS'}, Tag{name='region', value='US_EAST_1'}]}, electionId=7fffffff0000000000000003, setVersion=1, lastWriteDate=Mon Sep 14 17:39:04 IST 2020, lastUpdateTimeNanos=187106485251400}
2020-09-14 17:39:07.425  INFO 27984 --- [ngodb.net:27017] org.mongodb.driver.cluster               : Monitor thread successfully connected to server with description ServerDescription{address=mflix-shard-00-01.auswo.mongodb.net:27017, type=REPLICA_SET_PRIMARY, state=CONNECTED, ok=true, version=ServerVersion{versionList=[4, 2, 9]}, minWireVersion=0, maxWireVersion=8, maxDocumentSize=16777216, logicalSessionTimeoutMinutes=30, roundTripTimeNanos=242189588, setName='atlas-fqf6z7-shard-0', canonicalAddress=mflix-shard-00-01.auswo.mongodb.net:27017, hosts=[mflix-shard-00-02.auswo.mongodb.net:27017, mflix-shard-00-01.auswo.mongodb.net:27017, mflix-shard-00-00.auswo.mongodb.net:27017], passives=[], arbiters=[], primary='mflix-shard-00-01.auswo.mongodb.net:27017', tagSet=TagSet{[Tag{name='provider', value='AWS'}, Tag{name='nodeType', value='ELECTABLE'}, Tag{name='region', value='US_EAST_1'}]}, electionId=7fffffff0000000000000003, setVersion=1, lastWriteDate=Mon Sep 14 17:39:04 IST 2020, lastUpdateTimeNanos=187108949347800}
2020-09-14 17:39:07.428  INFO 27984 --- [ngodb.net:27017] org.mongodb.driver.cluster               : Monitor thread successfully connected to server with description ServerDescription{address=mflix-shard-00-02.auswo.mongodb.net:27017, type=REPLICA_SET_SECONDARY, state=CONNECTED, ok=true, version=ServerVersion{versionList=[4, 2, 9]}, minWireVersion=0, maxWireVersion=8, maxDocumentSize=16777216, logicalSessionTimeoutMinutes=30, roundTripTimeNanos=243547468, setName='atlas-fqf6z7-shard-0', canonicalAddress=mflix-shard-00-02.auswo.mongodb.net:27017, hosts=[mflix-shard-00-02.auswo.mongodb.net:27017, mflix-shard-00-01.auswo.mongodb.net:27017, mflix-shard-00-00.auswo.mongodb.net:27017], passives=[], arbiters=[], primary='mflix-shard-00-01.auswo.mongodb.net:27017', tagSet=TagSet{[Tag{name='nodeType', value='ELECTABLE'}, Tag{name='region', value='US_EAST_1'}, Tag{name='provider', value='AWS'}]}, electionId=null, setVersion=1, lastWriteDate=Mon Sep 14 17:39:04 IST 2020, lastUpdateTimeNanos=187108952345300}
2020-09-14 17:39:08.838  INFO 27984 --- [           main] org.mongodb.driver.cluster               : Cluster created with settings {hosts=[mflix-shard-00-01.auswo.mongodb.net:27017, mflix-shard-00-00.auswo.mongodb.net:27017, mflix-shard-00-02.auswo.mongodb.net:27017], mode=MULTIPLE, requiredClusterType=REPLICA_SET, serverSelectionTimeout='30000 ms', maxWaitQueueSize=500, requiredReplicaSetName='atlas-fqf6z7-shard-0'}
2020-09-14 17:39:08.838  INFO 27984 --- [           main] org.mongodb.driver.cluster               : Adding discovered server mflix-shard-00-01.auswo.mongodb.net:27017 to client view of cluster
2020-09-14 17:39:08.839  INFO 27984 --- [           main] org.mongodb.driver.cluster               : Adding discovered server mflix-shard-00-00.auswo.mongodb.net:27017 to client view of cluster
2020-09-14 17:39:08.840  INFO 27984 --- [           main] org.mongodb.driver.cluster               : Adding discovered server mflix-shard-00-02.auswo.mongodb.net:27017 to client view of cluster
2020-09-14 17:39:08.843  INFO 27984 --- [           main] org.mongodb.driver.cluster               : No server chosen by com.mongodb.client.internal.MongoClientDelegate$1@5bb8e6fc from cluster description ClusterDescription{type=REPLICA_SET, connectionMode=MULTIPLE, serverDescriptions=[ServerDescription{address=mflix-shard-00-01.auswo.mongodb.net:27017, type=UNKNOWN, state=CONNECTING}, ServerDescription{address=mflix-shard-00-02.auswo.mongodb.net:27017, type=UNKNOWN, state=CONNECTING}, ServerDescription{address=mflix-shard-00-00.auswo.mongodb.net:27017, type=UNKNOWN, state=CONNECTING}]}. Waiting for 30000 ms before timing out
2020-09-14 17:39:09.847  INFO 27984 --- [ngodb.net:27017] org.mongodb.driver.cluster               : Monitor thread successfully connected to server with description ServerDescription{address=mflix-shard-00-01.auswo.mongodb.net:27017, type=REPLICA_SET_PRIMARY, state=CONNECTED, ok=true, version=ServerVersion{versionList=[4, 2, 9]}, minWireVersion=0, maxWireVersion=8, maxDocumentSize=16777216, logicalSessionTimeoutMinutes=30, roundTripTimeNanos=248239551, setName='atlas-fqf6z7-shard-0', canonicalAddress=mflix-shard-00-01.auswo.mongodb.net:27017, hosts=[mflix-shard-00-02.auswo.mongodb.net:27017, mflix-shard-00-01.auswo.mongodb.net:27017, mflix-shard-00-00.auswo.mongodb.net:27017], passives=[], arbiters=[], primary='mflix-shard-00-01.auswo.mongodb.net:27017', tagSet=TagSet{[Tag{name='provider', value='AWS'}, Tag{name='region', value='US_EAST_1'}, Tag{name='nodeType', value='ELECTABLE'}]}, electionId=7fffffff0000000000000003, setVersion=1, lastWriteDate=Mon Sep 14 17:39:04 IST 2020, lastUpdateTimeNanos=187111371689000}
2020-09-14 17:39:10.086  INFO 27984 --- [ngodb.net:27017] org.mongodb.driver.connection            : Opened connection [connectionId{localValue:13, serverValue:1031}] to mflix-shard-00-01.auswo.mongodb.net:27017
2020-09-14 17:39:10.086  INFO 27984 --- [ngodb.net:27017] org.mongodb.driver.connection            : Opened connection [connectionId{localValue:14, serverValue:436}] to mflix-shard-00-00.auswo.mongodb.net:27017
2020-09-14 17:39:10.096  INFO 27984 --- [ngodb.net:27017] org.mongodb.driver.connection            : Opened connection [connectionId{localValue:15, serverValue:37}] to mflix-shard-00-02.auswo.mongodb.net:27017
2020-09-14 17:39:10.327  INFO 27984 --- [ngodb.net:27017] org.mongodb.driver.cluster               : Monitor thread successfully connected to server with description ServerDescription{address=mflix-shard-00-00.auswo.mongodb.net:27017, type=REPLICA_SET_SECONDARY, state=CONNECTED, ok=true, version=ServerVersion{versionList=[4, 2, 9]}, minWireVersion=0, maxWireVersion=8, maxDocumentSize=16777216, logicalSessionTimeoutMinutes=30, roundTripTimeNanos=240276200, setName='atlas-fqf6z7-shard-0', canonicalAddress=mflix-shard-00-00.auswo.mongodb.net:27017, hosts=[mflix-shard-00-02.auswo.mongodb.net:27017, mflix-shard-00-01.auswo.mongodb.net:27017, mflix-shard-00-00.auswo.mongodb.net:27017], passives=[], arbiters=[], primary='mflix-shard-00-01.auswo.mongodb.net:27017', tagSet=TagSet{[Tag{name='nodeType', value='ELECTABLE'}, Tag{name='provider', value='AWS'}, Tag{name='region', value='US_EAST_1'}]}, electionId=null, setVersion=1, lastWriteDate=Mon Sep 14 17:39:04 IST 2020, lastUpdateTimeNanos=187111851304800}
2020-09-14 17:39:10.329  INFO 27984 --- [           main] org.mongodb.driver.cluster               : No server chosen by ReadPreferenceServerSelector{readPreference=primary} from cluster description ClusterDescription{type=REPLICA_SET, connectionMode=MULTIPLE, serverDescriptions=[ServerDescription{address=mflix-shard-00-01.auswo.mongodb.net:27017, type=UNKNOWN, state=CONNECTING}, ServerDescription{address=mflix-shard-00-02.auswo.mongodb.net:27017, type=UNKNOWN, state=CONNECTING}, ServerDescription{address=mflix-shard-00-00.auswo.mongodb.net:27017, type=REPLICA_SET_SECONDARY, state=CONNECTED, ok=true, version=ServerVersion{versionList=[4, 2, 9]}, minWireVersion=0, maxWireVersion=8, maxDocumentSize=16777216, logicalSessionTimeoutMinutes=30, roundTripTimeNanos=240276200, setName='atlas-fqf6z7-shard-0', canonicalAddress=mflix-shard-00-00.auswo.mongodb.net:27017, hosts=[mflix-shard-00-02.auswo.mongodb.net:27017, mflix-shard-00-01.auswo.mongodb.net:27017, mflix-shard-00-00.auswo.mongodb.net:27017], passives=[], arbiters=[], primary='mflix-shard-00-01.auswo.mongodb.net:27017', tagSet=TagSet{[Tag{name='nodeType', value='ELECTABLE'}, Tag{name='provider', value='AWS'}, Tag{name='region', value='US_EAST_1'}]}, electionId=null, setVersion=1, lastWriteDate=Mon Sep 14 17:39:04 IST 2020, lastUpdateTimeNanos=187111851304800}]}. Waiting for 30000 ms before timing out
2020-09-14 17:39:10.329  INFO 27984 --- [ngodb.net:27017] org.mongodb.driver.cluster               : Monitor thread successfully connected to server with description ServerDescription{address=mflix-shard-00-01.auswo.mongodb.net:27017, type=REPLICA_SET_PRIMARY, state=CONNECTED, ok=true, version=ServerVersion{versionList=[4, 2, 9]}, minWireVersion=0, maxWireVersion=8, maxDocumentSize=16777216, logicalSessionTimeoutMinutes=30, roundTripTimeNanos=242914600, setName='atlas-fqf6z7-shard-0', canonicalAddress=mflix-shard-00-01.auswo.mongodb.net:27017, hosts=[mflix-shard-00-02.auswo.mongodb.net:27017, mflix-shard-00-01.auswo.mongodb.net:27017, mflix-shard-00-00.auswo.mongodb.net:27017], passives=[], arbiters=[], primary='mflix-shard-00-01.auswo.mongodb.net:27017', tagSet=TagSet{[Tag{name='nodeType', value='ELECTABLE'}, Tag{name='provider', value='AWS'}, Tag{name='region', value='US_EAST_1'}]}, electionId=7fffffff0000000000000003, setVersion=1, lastWriteDate=Mon Sep 14 17:39:04 IST 2020, lastUpdateTimeNanos=187111853765000}
2020-09-14 17:39:10.330  INFO 27984 --- [ngodb.net:27017] org.mongodb.driver.cluster               : Setting max election id to 7fffffff0000000000000003 from replica set primary mflix-shard-00-01.auswo.mongodb.net:27017
2020-09-14 17:39:10.330  INFO 27984 --- [ngodb.net:27017] org.mongodb.driver.cluster               : Setting max set version to 1 from replica set primary mflix-shard-00-01.auswo.mongodb.net:27017
2020-09-14 17:39:10.330  INFO 27984 --- [ngodb.net:27017] org.mongodb.driver.cluster               : Discovered replica set primary mflix-shard-00-01.auswo.mongodb.net:27017
2020-09-14 17:39:10.340  INFO 27984 --- [ngodb.net:27017] org.mongodb.driver.cluster               : Monitor thread successfully connected to server with description ServerDescription{address=mflix-shard-00-02.auswo.mongodb.net:27017, type=REPLICA_SET_SECONDARY, state=CONNECTED, ok=true, version=ServerVersion{versionList=[4, 2, 9]}, minWireVersion=0, maxWireVersion=8, maxDocumentSize=16777216, logicalSessionTimeoutMinutes=30, roundTripTimeNanos=243124300, setName='atlas-fqf6z7-shard-0', canonicalAddress=mflix-shard-00-02.auswo.mongodb.net:27017, hosts=[mflix-shard-00-02.auswo.mongodb.net:27017, mflix-shard-00-01.auswo.mongodb.net:27017, mflix-shard-00-00.auswo.mongodb.net:27017], passives=[], arbiters=[], primary='mflix-shard-00-01.auswo.mongodb.net:27017', tagSet=TagSet{[Tag{name='provider', value='AWS'}, Tag{name='nodeType', value='ELECTABLE'}, Tag{name='region', value='US_EAST_1'}]}, electionId=null, setVersion=1, lastWriteDate=Mon Sep 14 17:39:04 IST 2020, lastUpdateTimeNanos=187111864046500}
2020-09-14 17:39:12.289  INFO 27984 --- [           main] org.mongodb.driver.connection            : Opened connection [connectionId{localValue:16, serverValue:376}] to mflix-shard-00-01.auswo.mongodb.net:27017
]]></system-out>
  </testcase>
  <testcase name="testAllDocumentsUpdateDateIsDateType" classname="mflix.api.daos.MigrationTest" time="7.853">
    <failure message="Should not find documents where `lastupdated` is of `string` type expected:&lt;0&gt; but was:&lt;23530&gt;" type="java.lang.AssertionError"><![CDATA[java.lang.AssertionError: Should not find documents where `lastupdated` is of `string` type expected:<0> but was:<23530>
	at mflix.api.daos.MigrationTest.testAllDocumentsUpdateDateIsDateType(MigrationTest.java:31)
]]></failure>
    <system-out><![CDATA[2020-09-14 17:39:15.205  INFO 27984 --- [ngodb.net:27017] org.mongodb.driver.cluster               : Monitor thread successfully connected to server with description ServerDescription{address=mflix-shard-00-01.auswo.mongodb.net:27017, type=REPLICA_SET_PRIMARY, state=CONNECTED, ok=true, version=ServerVersion{versionList=[4, 2, 9]}, minWireVersion=0, maxWireVersion=8, maxDocumentSize=16777216, logicalSessionTimeoutMinutes=30, roundTripTimeNanos=242775620, setName='atlas-fqf6z7-shard-0', canonicalAddress=mflix-shard-00-01.auswo.mongodb.net:27017, hosts=[mflix-shard-00-02.auswo.mongodb.net:27017, mflix-shard-00-01.auswo.mongodb.net:27017, mflix-shard-00-00.auswo.mongodb.net:27017], passives=[], arbiters=[], primary='mflix-shard-00-01.auswo.mongodb.net:27017', tagSet=TagSet{[Tag{name='nodeType', value='ELECTABLE'}, Tag{name='region', value='US_EAST_1'}, Tag{name='provider', value='AWS'}]}, electionId=7fffffff0000000000000003, setVersion=1, lastWriteDate=Mon Sep 14 17:39:10 IST 2020, lastUpdateTimeNanos=187116728944800}
2020-09-14 17:39:15.939  INFO 27984 --- [ngodb.net:27017] org.mongodb.driver.cluster               : Monitor thread successfully connected to server with description ServerDescription{address=mflix-shard-00-00.auswo.mongodb.net:27017, type=REPLICA_SET_SECONDARY, state=CONNECTED, ok=true, version=ServerVersion{versionList=[4, 2, 9]}, minWireVersion=0, maxWireVersion=8, maxDocumentSize=16777216, logicalSessionTimeoutMinutes=30, roundTripTimeNanos=242674592, setName='atlas-fqf6z7-shard-0', canonicalAddress=mflix-shard-00-00.auswo.mongodb.net:27017, hosts=[mflix-shard-00-02.auswo.mongodb.net:27017, mflix-shard-00-01.auswo.mongodb.net:27017, mflix-shard-00-00.auswo.mongodb.net:27017], passives=[], arbiters=[], primary='mflix-shard-00-01.auswo.mongodb.net:27017', tagSet=TagSet{[Tag{name='nodeType', value='ELECTABLE'}, Tag{name='region', value='US_EAST_1'}, Tag{name='provider', value='AWS'}]}, electionId=null, setVersion=1, lastWriteDate=Mon Sep 14 17:39:10 IST 2020, lastUpdateTimeNanos=187117463607800}
2020-09-14 17:39:16.631  INFO 27984 --- [           main] org.mongodb.driver.cluster               : Cluster created with settings {hosts=[mflix-shard-00-01.auswo.mongodb.net:27017, mflix-shard-00-00.auswo.mongodb.net:27017, mflix-shard-00-02.auswo.mongodb.net:27017], mode=MULTIPLE, requiredClusterType=REPLICA_SET, serverSelectionTimeout='30000 ms', maxWaitQueueSize=500, requiredReplicaSetName='atlas-fqf6z7-shard-0'}
2020-09-14 17:39:16.631  INFO 27984 --- [           main] org.mongodb.driver.cluster               : Adding discovered server mflix-shard-00-01.auswo.mongodb.net:27017 to client view of cluster
2020-09-14 17:39:16.632  INFO 27984 --- [           main] org.mongodb.driver.cluster               : Adding discovered server mflix-shard-00-00.auswo.mongodb.net:27017 to client view of cluster
2020-09-14 17:39:16.632  INFO 27984 --- [           main] org.mongodb.driver.cluster               : Adding discovered server mflix-shard-00-02.auswo.mongodb.net:27017 to client view of cluster
2020-09-14 17:39:16.633  INFO 27984 --- [           main] org.mongodb.driver.cluster               : No server chosen by com.mongodb.client.internal.MongoClientDelegate$1@686cf8ad from cluster description ClusterDescription{type=REPLICA_SET, connectionMode=MULTIPLE, serverDescriptions=[ServerDescription{address=mflix-shard-00-01.auswo.mongodb.net:27017, type=UNKNOWN, state=CONNECTING}, ServerDescription{address=mflix-shard-00-02.auswo.mongodb.net:27017, type=UNKNOWN, state=CONNECTING}, ServerDescription{address=mflix-shard-00-00.auswo.mongodb.net:27017, type=UNKNOWN, state=CONNECTING}]}. Waiting for 30000 ms before timing out
2020-09-14 17:39:17.668  INFO 27984 --- [ngodb.net:27017] org.mongodb.driver.cluster               : Monitor thread successfully connected to server with description ServerDescription{address=mflix-shard-00-01.auswo.mongodb.net:27017, type=REPLICA_SET_PRIMARY, state=CONNECTED, ok=true, version=ServerVersion{versionList=[4, 2, 9]}, minWireVersion=0, maxWireVersion=8, maxDocumentSize=16777216, logicalSessionTimeoutMinutes=30, roundTripTimeNanos=242158910, setName='atlas-fqf6z7-shard-0', canonicalAddress=mflix-shard-00-01.auswo.mongodb.net:27017, hosts=[mflix-shard-00-02.auswo.mongodb.net:27017, mflix-shard-00-01.auswo.mongodb.net:27017, mflix-shard-00-00.auswo.mongodb.net:27017], passives=[], arbiters=[], primary='mflix-shard-00-01.auswo.mongodb.net:27017', tagSet=TagSet{[Tag{name='provider', value='AWS'}, Tag{name='region', value='US_EAST_1'}, Tag{name='nodeType', value='ELECTABLE'}]}, electionId=7fffffff0000000000000003, setVersion=1, lastWriteDate=Mon Sep 14 17:39:10 IST 2020, lastUpdateTimeNanos=187119193215700}
2020-09-14 17:39:17.671  INFO 27984 --- [ngodb.net:27017] org.mongodb.driver.cluster               : Monitor thread successfully connected to server with description ServerDescription{address=mflix-shard-00-02.auswo.mongodb.net:27017, type=REPLICA_SET_SECONDARY, state=CONNECTED, ok=true, version=ServerVersion{versionList=[4, 2, 9]}, minWireVersion=0, maxWireVersion=8, maxDocumentSize=16777216, logicalSessionTimeoutMinutes=30, roundTripTimeNanos=243295294, setName='atlas-fqf6z7-shard-0', canonicalAddress=mflix-shard-00-02.auswo.mongodb.net:27017, hosts=[mflix-shard-00-02.auswo.mongodb.net:27017, mflix-shard-00-01.auswo.mongodb.net:27017, mflix-shard-00-00.auswo.mongodb.net:27017], passives=[], arbiters=[], primary='mflix-shard-00-01.auswo.mongodb.net:27017', tagSet=TagSet{[Tag{name='provider', value='AWS'}, Tag{name='nodeType', value='ELECTABLE'}, Tag{name='region', value='US_EAST_1'}]}, electionId=null, setVersion=1, lastWriteDate=Mon Sep 14 17:39:10 IST 2020, lastUpdateTimeNanos=187119196480700}
2020-09-14 17:39:17.856  INFO 27984 --- [ngodb.net:27017] org.mongodb.driver.connection            : Opened connection [connectionId{localValue:19, serverValue:37}] to mflix-shard-00-02.auswo.mongodb.net:27017
2020-09-14 17:39:17.857  INFO 27984 --- [ngodb.net:27017] org.mongodb.driver.connection            : Opened connection [connectionId{localValue:18, serverValue:28}] to mflix-shard-00-00.auswo.mongodb.net:27017
2020-09-14 17:39:17.865  INFO 27984 --- [ngodb.net:27017] org.mongodb.driver.connection            : Opened connection [connectionId{localValue:17, serverValue:377}] to mflix-shard-00-01.auswo.mongodb.net:27017
2020-09-14 17:39:18.097  INFO 27984 --- [ngodb.net:27017] org.mongodb.driver.cluster               : Monitor thread successfully connected to server with description ServerDescription{address=mflix-shard-00-02.auswo.mongodb.net:27017, type=REPLICA_SET_SECONDARY, state=CONNECTED, ok=true, version=ServerVersion{versionList=[4, 2, 9]}, minWireVersion=0, maxWireVersion=8, maxDocumentSize=16777216, logicalSessionTimeoutMinutes=30, roundTripTimeNanos=240284000, setName='atlas-fqf6z7-shard-0', canonicalAddress=mflix-shard-00-02.auswo.mongodb.net:27017, hosts=[mflix-shard-00-02.auswo.mongodb.net:27017, mflix-shard-00-01.auswo.mongodb.net:27017, mflix-shard-00-00.auswo.mongodb.net:27017], passives=[], arbiters=[], primary='mflix-shard-00-01.auswo.mongodb.net:27017', tagSet=TagSet{[Tag{name='provider', value='AWS'}, Tag{name='nodeType', value='ELECTABLE'}, Tag{name='region', value='US_EAST_1'}]}, electionId=null, setVersion=1, lastWriteDate=Mon Sep 14 17:39:10 IST 2020, lastUpdateTimeNanos=187119621296100}
2020-09-14 17:39:18.097  INFO 27984 --- [ngodb.net:27017] org.mongodb.driver.cluster               : Monitor thread successfully connected to server with description ServerDescription{address=mflix-shard-00-00.auswo.mongodb.net:27017, type=REPLICA_SET_SECONDARY, state=CONNECTED, ok=true, version=ServerVersion{versionList=[4, 2, 9]}, minWireVersion=0, maxWireVersion=8, maxDocumentSize=16777216, logicalSessionTimeoutMinutes=30, roundTripTimeNanos=239573800, setName='atlas-fqf6z7-shard-0', canonicalAddress=mflix-shard-00-00.auswo.mongodb.net:27017, hosts=[mflix-shard-00-02.auswo.mongodb.net:27017, mflix-shard-00-01.auswo.mongodb.net:27017, mflix-shard-00-00.auswo.mongodb.net:27017], passives=[], arbiters=[], primary='mflix-shard-00-01.auswo.mongodb.net:27017', tagSet=TagSet{[Tag{name='nodeType', value='ELECTABLE'}, Tag{name='region', value='US_EAST_1'}, Tag{name='provider', value='AWS'}]}, electionId=null, setVersion=1, lastWriteDate=Mon Sep 14 17:39:10 IST 2020, lastUpdateTimeNanos=187119621350700}
2020-09-14 17:39:18.098  INFO 27984 --- [           main] org.mongodb.driver.cluster               : No server chosen by ReadPreferenceServerSelector{readPreference=primary} from cluster description ClusterDescription{type=REPLICA_SET, connectionMode=MULTIPLE, serverDescriptions=[ServerDescription{address=mflix-shard-00-01.auswo.mongodb.net:27017, type=UNKNOWN, state=CONNECTING}, ServerDescription{address=mflix-shard-00-02.auswo.mongodb.net:27017, type=REPLICA_SET_SECONDARY, state=CONNECTED, ok=true, version=ServerVersion{versionList=[4, 2, 9]}, minWireVersion=0, maxWireVersion=8, maxDocumentSize=16777216, logicalSessionTimeoutMinutes=30, roundTripTimeNanos=240284000, setName='atlas-fqf6z7-shard-0', canonicalAddress=mflix-shard-00-02.auswo.mongodb.net:27017, hosts=[mflix-shard-00-02.auswo.mongodb.net:27017, mflix-shard-00-01.auswo.mongodb.net:27017, mflix-shard-00-00.auswo.mongodb.net:27017], passives=[], arbiters=[], primary='mflix-shard-00-01.auswo.mongodb.net:27017', tagSet=TagSet{[Tag{name='provider', value='AWS'}, Tag{name='nodeType', value='ELECTABLE'}, Tag{name='region', value='US_EAST_1'}]}, electionId=null, setVersion=1, lastWriteDate=Mon Sep 14 17:39:10 IST 2020, lastUpdateTimeNanos=187119621296100}, ServerDescription{address=mflix-shard-00-00.auswo.mongodb.net:27017, type=REPLICA_SET_SECONDARY, state=CONNECTED, ok=true, version=ServerVersion{versionList=[4, 2, 9]}, minWireVersion=0, maxWireVersion=8, maxDocumentSize=16777216, logicalSessionTimeoutMinutes=30, roundTripTimeNanos=239573800, setName='atlas-fqf6z7-shard-0', canonicalAddress=mflix-shard-00-00.auswo.mongodb.net:27017, hosts=[mflix-shard-00-02.auswo.mongodb.net:27017, mflix-shard-00-01.auswo.mongodb.net:27017, mflix-shard-00-00.auswo.mongodb.net:27017], passives=[], arbiters=[], primary='mflix-shard-00-01.auswo.mongodb.net:27017', tagSet=TagSet{[Tag{name='nodeType', value='ELECTABLE'}, Tag{name='region', value='US_EAST_1'}, Tag{name='provider', value='AWS'}]}, electionId=null, setVersion=1, lastWriteDate=Mon Sep 14 17:39:10 IST 2020, lastUpdateTimeNanos=187119621350700}]}. Waiting for 30000 ms before timing out
2020-09-14 17:39:18.107  INFO 27984 --- [ngodb.net:27017] org.mongodb.driver.cluster               : Monitor thread successfully connected to server with description ServerDescription{address=mflix-shard-00-01.auswo.mongodb.net:27017, type=REPLICA_SET_PRIMARY, state=CONNECTED, ok=true, version=ServerVersion{versionList=[4, 2, 9]}, minWireVersion=0, maxWireVersion=8, maxDocumentSize=16777216, logicalSessionTimeoutMinutes=30, roundTripTimeNanos=242060600, setName='atlas-fqf6z7-shard-0', canonicalAddress=mflix-shard-00-01.auswo.mongodb.net:27017, hosts=[mflix-shard-00-02.auswo.mongodb.net:27017, mflix-shard-00-01.auswo.mongodb.net:27017, mflix-shard-00-00.auswo.mongodb.net:27017], passives=[], arbiters=[], primary='mflix-shard-00-01.auswo.mongodb.net:27017', tagSet=TagSet{[Tag{name='provider', value='AWS'}, Tag{name='region', value='US_EAST_1'}, Tag{name='nodeType', value='ELECTABLE'}]}, electionId=7fffffff0000000000000003, setVersion=1, lastWriteDate=Mon Sep 14 17:39:10 IST 2020, lastUpdateTimeNanos=187119631394800}
2020-09-14 17:39:18.107  INFO 27984 --- [ngodb.net:27017] org.mongodb.driver.cluster               : Setting max election id to 7fffffff0000000000000003 from replica set primary mflix-shard-00-01.auswo.mongodb.net:27017
2020-09-14 17:39:18.107  INFO 27984 --- [ngodb.net:27017] org.mongodb.driver.cluster               : Setting max set version to 1 from replica set primary mflix-shard-00-01.auswo.mongodb.net:27017
2020-09-14 17:39:18.107  INFO 27984 --- [ngodb.net:27017] org.mongodb.driver.cluster               : Discovered replica set primary mflix-shard-00-01.auswo.mongodb.net:27017
2020-09-14 17:39:18.389  INFO 27984 --- [ngodb.net:27017] org.mongodb.driver.cluster               : Monitor thread successfully connected to server with description ServerDescription{address=mflix-shard-00-00.auswo.mongodb.net:27017, type=REPLICA_SET_SECONDARY, state=CONNECTED, ok=true, version=ServerVersion{versionList=[4, 2, 9]}, minWireVersion=0, maxWireVersion=8, maxDocumentSize=16777216, logicalSessionTimeoutMinutes=30, roundTripTimeNanos=240154900, setName='atlas-fqf6z7-shard-0', canonicalAddress=mflix-shard-00-00.auswo.mongodb.net:27017, hosts=[mflix-shard-00-02.auswo.mongodb.net:27017, mflix-shard-00-01.auswo.mongodb.net:27017, mflix-shard-00-00.auswo.mongodb.net:27017], passives=[], arbiters=[], primary='mflix-shard-00-01.auswo.mongodb.net:27017', tagSet=TagSet{[Tag{name='nodeType', value='ELECTABLE'}, Tag{name='region', value='US_EAST_1'}, Tag{name='provider', value='AWS'}]}, electionId=null, setVersion=1, lastWriteDate=Mon Sep 14 17:39:10 IST 2020, lastUpdateTimeNanos=187119914505100}
2020-09-14 17:39:20.099  INFO 27984 --- [ngodb.net:27017] org.mongodb.driver.cluster               : Monitor thread successfully connected to server with description ServerDescription{address=mflix-shard-00-01.auswo.mongodb.net:27017, type=REPLICA_SET_PRIMARY, state=CONNECTED, ok=true, version=ServerVersion{versionList=[4, 2, 9]}, minWireVersion=0, maxWireVersion=8, maxDocumentSize=16777216, logicalSessionTimeoutMinutes=30, roundTripTimeNanos=248737540, setName='atlas-fqf6z7-shard-0', canonicalAddress=mflix-shard-00-01.auswo.mongodb.net:27017, hosts=[mflix-shard-00-02.auswo.mongodb.net:27017, mflix-shard-00-01.auswo.mongodb.net:27017, mflix-shard-00-00.auswo.mongodb.net:27017], passives=[], arbiters=[], primary='mflix-shard-00-01.auswo.mongodb.net:27017', tagSet=TagSet{[Tag{name='nodeType', value='ELECTABLE'}, Tag{name='provider', value='AWS'}, Tag{name='region', value='US_EAST_1'}]}, electionId=7fffffff0000000000000003, setVersion=1, lastWriteDate=Mon Sep 14 17:39:10 IST 2020, lastUpdateTimeNanos=187121623343400}
2020-09-14 17:39:20.135  INFO 27984 --- [           main] org.mongodb.driver.connection            : Opened connection [connectionId{localValue:20, serverValue:376}] to mflix-shard-00-01.auswo.mongodb.net:27017
]]></system-out>
  </testcase>
</testsuite>