<?xml version="1.0" encoding="UTF-8"?>
<testsuite xmlns:xsi="http://www.w3.org/2001/XMLSchema-instance" xsi:noNamespaceSchemaLocation="https://maven.apache.org/surefire/maven-surefire-plugin/xsd/surefire-test-report.xsd" name="mflix.api.daos.TimeoutsTest" time="20.905" tests="2" errors="2" skipped="0" failures="0">
  <properties>
    <property name="sun.desktop" value="windows"/>
    <property name="awt.toolkit" value="sun.awt.windows.WToolkit"/>
    <property name="java.specification.version" value="11"/>
    <property name="sun.cpu.isalist" value="amd64"/>
    <property name="sun.jnu.encoding" value="Cp1252"/>
    <property name="java.class.path" value="D:\1JavaOneWork\MyRepositories\mongodb\mflix\target\test-classes;D:\1JavaOneWork\MyRepositories\mongodb\mflix\target\classes;C:\Users\612460865\.m2\repository\org\springframework\boot\spring-boot-starter-web\2.0.3.RELEASE\spring-boot-starter-web-2.0.3.RELEASE.jar;C:\Users\612460865\.m2\repository\org\springframework\boot\spring-boot-starter\2.0.3.RELEASE\spring-boot-starter-2.0.3.RELEASE.jar;C:\Users\612460865\.m2\repository\org\springframework\boot\spring-boot-starter-logging\2.0.3.RELEASE\spring-boot-starter-logging-2.0.3.RELEASE.jar;C:\Users\612460865\.m2\repository\ch\qos\logback\logback-classic\1.2.3\logback-classic-1.2.3.jar;C:\Users\612460865\.m2\repository\ch\qos\logback\logback-core\1.2.3\logback-core-1.2.3.jar;C:\Users\612460865\.m2\repository\org\apache\logging\log4j\log4j-to-slf4j\2.10.0\log4j-to-slf4j-2.10.0.jar;C:\Users\612460865\.m2\repository\org\apache\logging\log4j\log4j-api\2.10.0\log4j-api-2.10.0.jar;C:\Users\612460865\.m2\repository\org\slf4j\jul-to-slf4j\1.7.25\jul-to-slf4j-1.7.25.jar;C:\Users\612460865\.m2\repository\javax\annotation\javax.annotation-api\1.3.2\javax.annotation-api-1.3.2.jar;C:\Users\612460865\.m2\repository\org\yaml\snakeyaml\1.19\snakeyaml-1.19.jar;C:\Users\612460865\.m2\repository\org\springframework\boot\spring-boot-starter-json\2.0.3.RELEASE\spring-boot-starter-json-2.0.3.RELEASE.jar;C:\Users\612460865\.m2\repository\com\fasterxml\jackson\datatype\jackson-datatype-jdk8\2.9.6\jackson-datatype-jdk8-2.9.6.jar;C:\Users\612460865\.m2\repository\com\fasterxml\jackson\datatype\jackson-datatype-jsr310\2.9.6\jackson-datatype-jsr310-2.9.6.jar;C:\Users\612460865\.m2\repository\com\fasterxml\jackson\module\jackson-module-parameter-names\2.9.6\jackson-module-parameter-names-2.9.6.jar;C:\Users\612460865\.m2\repository\org\springframework\boot\spring-boot-starter-tomcat\2.0.3.RELEASE\spring-boot-starter-tomcat-2.0.3.RELEASE.jar;C:\Users\612460865\.m2\repository\org\apache\tomcat\embed\tomcat-embed-core\8.5.31\tomcat-embed-core-8.5.31.jar;C:\Users\612460865\.m2\repository\org\apache\tomcat\embed\tomcat-embed-el\8.5.31\tomcat-embed-el-8.5.31.jar;C:\Users\612460865\.m2\repository\org\apache\tomcat\embed\tomcat-embed-websocket\8.5.31\tomcat-embed-websocket-8.5.31.jar;C:\Users\612460865\.m2\repository\org\hibernate\validator\hibernate-validator\6.0.10.Final\hibernate-validator-6.0.10.Final.jar;C:\Users\612460865\.m2\repository\javax\validation\validation-api\2.0.1.Final\validation-api-2.0.1.Final.jar;C:\Users\612460865\.m2\repository\org\jboss\logging\jboss-logging\3.3.2.Final\jboss-logging-3.3.2.Final.jar;C:\Users\612460865\.m2\repository\com\fasterxml\classmate\1.3.4\classmate-1.3.4.jar;C:\Users\612460865\.m2\repository\org\springframework\spring-webmvc\5.0.7.RELEASE\spring-webmvc-5.0.7.RELEASE.jar;C:\Users\612460865\.m2\repository\org\springframework\boot\spring-boot-starter-test\2.0.3.RELEASE\spring-boot-starter-test-2.0.3.RELEASE.jar;C:\Users\612460865\.m2\repository\org\springframework\boot\spring-boot-test\2.0.3.RELEASE\spring-boot-test-2.0.3.RELEASE.jar;C:\Users\612460865\.m2\repository\org\springframework\boot\spring-boot-test-autoconfigure\2.0.3.RELEASE\spring-boot-test-autoconfigure-2.0.3.RELEASE.jar;C:\Users\612460865\.m2\repository\com\jayway\jsonpath\json-path\2.4.0\json-path-2.4.0.jar;C:\Users\612460865\.m2\repository\net\minidev\json-smart\2.3\json-smart-2.3.jar;C:\Users\612460865\.m2\repository\net\minidev\accessors-smart\1.2\accessors-smart-1.2.jar;C:\Users\612460865\.m2\repository\org\ow2\asm\asm\5.0.4\asm-5.0.4.jar;C:\Users\612460865\.m2\repository\org\slf4j\slf4j-api\1.7.25\slf4j-api-1.7.25.jar;C:\Users\612460865\.m2\repository\junit\junit\4.12\junit-4.12.jar;C:\Users\612460865\.m2\repository\org\assertj\assertj-core\3.9.1\assertj-core-3.9.1.jar;C:\Users\612460865\.m2\repository\org\mockito\mockito-core\2.15.0\mockito-core-2.15.0.jar;C:\Users\612460865\.m2\repository\net\bytebuddy\byte-buddy\1.7.9\byte-buddy-1.7.9.jar;C:\Users\612460865\.m2\repository\net\bytebuddy\byte-buddy-agent\1.7.9\byte-buddy-agent-1.7.9.jar;C:\Users\612460865\.m2\repository\org\objenesis\objenesis\2.6\objenesis-2.6.jar;C:\Users\612460865\.m2\repository\org\hamcrest\hamcrest-core\1.3\hamcrest-core-1.3.jar;C:\Users\612460865\.m2\repository\org\hamcrest\hamcrest-library\1.3\hamcrest-library-1.3.jar;C:\Users\612460865\.m2\repository\org\skyscreamer\jsonassert\1.5.0\jsonassert-1.5.0.jar;C:\Users\612460865\.m2\repository\com\vaadin\external\google\android-json\0.0.20131108.vaadin1\android-json-0.0.20131108.vaadin1.jar;C:\Users\612460865\.m2\repository\org\springframework\spring-test\5.0.7.RELEASE\spring-test-5.0.7.RELEASE.jar;C:\Users\612460865\.m2\repository\org\xmlunit\xmlunit-core\2.5.1\xmlunit-core-2.5.1.jar;C:\Users\612460865\.m2\repository\org\springframework\boot\spring-boot-starter-security\2.0.4.RELEASE\spring-boot-starter-security-2.0.4.RELEASE.jar;C:\Users\612460865\.m2\repository\org\springframework\spring-aop\5.0.8.RELEASE\spring-aop-5.0.8.RELEASE.jar;C:\Users\612460865\.m2\repository\org\springframework\security\spring-security-config\5.0.7.RELEASE\spring-security-config-5.0.7.RELEASE.jar;C:\Users\612460865\.m2\repository\org\springframework\security\spring-security-core\5.0.7.RELEASE\spring-security-core-5.0.7.RELEASE.jar;C:\Users\612460865\.m2\repository\org\springframework\security\spring-security-web\5.0.7.RELEASE\spring-security-web-5.0.7.RELEASE.jar;C:\Users\612460865\.m2\repository\org\springframework\boot\spring-boot\2.0.4.RELEASE\spring-boot-2.0.4.RELEASE.jar;C:\Users\612460865\.m2\repository\org\springframework\spring-context\5.0.7.RELEASE\spring-context-5.0.7.RELEASE.jar;C:\Users\612460865\.m2\repository\org\springframework\spring-beans\5.0.7.RELEASE\spring-beans-5.0.7.RELEASE.jar;C:\Users\612460865\.m2\repository\org\springframework\spring-expression\5.0.7.RELEASE\spring-expression-5.0.7.RELEASE.jar;C:\Users\612460865\.m2\repository\org\springframework\spring-core\5.0.7.RELEASE\spring-core-5.0.7.RELEASE.jar;C:\Users\612460865\.m2\repository\org\springframework\spring-jcl\5.0.7.RELEASE\spring-jcl-5.0.7.RELEASE.jar;C:\Users\612460865\.m2\repository\org\springframework\boot\spring-boot-autoconfigure\2.0.3.RELEASE\spring-boot-autoconfigure-2.0.3.RELEASE.jar;C:\Users\612460865\.m2\repository\org\springframework\spring-web\5.0.7.RELEASE\spring-web-5.0.7.RELEASE.jar;C:\Users\612460865\.m2\repository\io\jsonwebtoken\jjwt\0.9.1\jjwt-0.9.1.jar;C:\Users\612460865\.m2\repository\com\fasterxml\jackson\core\jackson-databind\2.9.6\jackson-databind-2.9.6.jar;C:\Users\612460865\.m2\repository\com\fasterxml\jackson\core\jackson-annotations\2.9.0\jackson-annotations-2.9.0.jar;C:\Users\612460865\.m2\repository\com\fasterxml\jackson\core\jackson-core\2.9.6\jackson-core-2.9.6.jar;C:\Users\612460865\.m2\repository\org\junit\jupiter\junit-jupiter-api\5.1.0\junit-jupiter-api-5.1.0.jar;C:\Users\612460865\.m2\repository\org\apiguardian\apiguardian-api\1.0.0\apiguardian-api-1.0.0.jar;C:\Users\612460865\.m2\repository\org\opentest4j\opentest4j\1.0.0\opentest4j-1.0.0.jar;C:\Users\612460865\.m2\repository\org\junit\platform\junit-platform-commons\1.1.0\junit-platform-commons-1.1.0.jar;C:\Users\612460865\.m2\repository\org\mongodb\mongodb-driver-sync\3.9.1\mongodb-driver-sync-3.9.1.jar;C:\Users\612460865\.m2\repository\org\mongodb\bson\3.9.1\bson-3.9.1.jar;C:\Users\612460865\.m2\repository\org\mongodb\mongodb-driver-core\3.9.1\mongodb-driver-core-3.9.1.jar;"/>
    <property name="java.vm.vendor" value="JetBrains s.r.o."/>
    <property name="sun.arch.data.model" value="64"/>
    <property name="user.variant" value=""/>
    <property name="java.vendor.url" value="https://openjdk.java.net/"/>
    <property name="user.timezone" value="Asia/Calcutta"/>
    <property name="java.vm.specification.version" value="11"/>
    <property name="os.name" value="Windows 10"/>
    <property name="sun.java.launcher" value="SUN_STANDARD"/>
    <property name="user.country" value="US"/>
    <property name="sun.boot.library.path" value="C:\Users\612460865\AppData\Local\JetBrains\Toolbox\apps\IDEA-C\ch-0\202.6948.69\jbr\bin"/>
    <property name="sun.java.command" value="C:\Users\612460~1\AppData\Local\Temp\surefire3683119064111451256\surefirebooter17583175652363138809.jar C:\Users\612460865\AppData\Local\Temp\surefire3683119064111451256 2020-09-14T17-38-21_415-jvmRun1 surefire6796571002544887455tmp surefire_08984640460557794736tmp"/>
    <property name="jdk.debug" value="release"/>
    <property name="surefire.test.class.path" value="D:\1JavaOneWork\MyRepositories\mongodb\mflix\target\test-classes;D:\1JavaOneWork\MyRepositories\mongodb\mflix\target\classes;C:\Users\612460865\.m2\repository\org\springframework\boot\spring-boot-starter-web\2.0.3.RELEASE\spring-boot-starter-web-2.0.3.RELEASE.jar;C:\Users\612460865\.m2\repository\org\springframework\boot\spring-boot-starter\2.0.3.RELEASE\spring-boot-starter-2.0.3.RELEASE.jar;C:\Users\612460865\.m2\repository\org\springframework\boot\spring-boot-starter-logging\2.0.3.RELEASE\spring-boot-starter-logging-2.0.3.RELEASE.jar;C:\Users\612460865\.m2\repository\ch\qos\logback\logback-classic\1.2.3\logback-classic-1.2.3.jar;C:\Users\612460865\.m2\repository\ch\qos\logback\logback-core\1.2.3\logback-core-1.2.3.jar;C:\Users\612460865\.m2\repository\org\apache\logging\log4j\log4j-to-slf4j\2.10.0\log4j-to-slf4j-2.10.0.jar;C:\Users\612460865\.m2\repository\org\apache\logging\log4j\log4j-api\2.10.0\log4j-api-2.10.0.jar;C:\Users\612460865\.m2\repository\org\slf4j\jul-to-slf4j\1.7.25\jul-to-slf4j-1.7.25.jar;C:\Users\612460865\.m2\repository\javax\annotation\javax.annotation-api\1.3.2\javax.annotation-api-1.3.2.jar;C:\Users\612460865\.m2\repository\org\yaml\snakeyaml\1.19\snakeyaml-1.19.jar;C:\Users\612460865\.m2\repository\org\springframework\boot\spring-boot-starter-json\2.0.3.RELEASE\spring-boot-starter-json-2.0.3.RELEASE.jar;C:\Users\612460865\.m2\repository\com\fasterxml\jackson\datatype\jackson-datatype-jdk8\2.9.6\jackson-datatype-jdk8-2.9.6.jar;C:\Users\612460865\.m2\repository\com\fasterxml\jackson\datatype\jackson-datatype-jsr310\2.9.6\jackson-datatype-jsr310-2.9.6.jar;C:\Users\612460865\.m2\repository\com\fasterxml\jackson\module\jackson-module-parameter-names\2.9.6\jackson-module-parameter-names-2.9.6.jar;C:\Users\612460865\.m2\repository\org\springframework\boot\spring-boot-starter-tomcat\2.0.3.RELEASE\spring-boot-starter-tomcat-2.0.3.RELEASE.jar;C:\Users\612460865\.m2\repository\org\apache\tomcat\embed\tomcat-embed-core\8.5.31\tomcat-embed-core-8.5.31.jar;C:\Users\612460865\.m2\repository\org\apache\tomcat\embed\tomcat-embed-el\8.5.31\tomcat-embed-el-8.5.31.jar;C:\Users\612460865\.m2\repository\org\apache\tomcat\embed\tomcat-embed-websocket\8.5.31\tomcat-embed-websocket-8.5.31.jar;C:\Users\612460865\.m2\repository\org\hibernate\validator\hibernate-validator\6.0.10.Final\hibernate-validator-6.0.10.Final.jar;C:\Users\612460865\.m2\repository\javax\validation\validation-api\2.0.1.Final\validation-api-2.0.1.Final.jar;C:\Users\612460865\.m2\repository\org\jboss\logging\jboss-logging\3.3.2.Final\jboss-logging-3.3.2.Final.jar;C:\Users\612460865\.m2\repository\com\fasterxml\classmate\1.3.4\classmate-1.3.4.jar;C:\Users\612460865\.m2\repository\org\springframework\spring-webmvc\5.0.7.RELEASE\spring-webmvc-5.0.7.RELEASE.jar;C:\Users\612460865\.m2\repository\org\springframework\boot\spring-boot-starter-test\2.0.3.RELEASE\spring-boot-starter-test-2.0.3.RELEASE.jar;C:\Users\612460865\.m2\repository\org\springframework\boot\spring-boot-test\2.0.3.RELEASE\spring-boot-test-2.0.3.RELEASE.jar;C:\Users\612460865\.m2\repository\org\springframework\boot\spring-boot-test-autoconfigure\2.0.3.RELEASE\spring-boot-test-autoconfigure-2.0.3.RELEASE.jar;C:\Users\612460865\.m2\repository\com\jayway\jsonpath\json-path\2.4.0\json-path-2.4.0.jar;C:\Users\612460865\.m2\repository\net\minidev\json-smart\2.3\json-smart-2.3.jar;C:\Users\612460865\.m2\repository\net\minidev\accessors-smart\1.2\accessors-smart-1.2.jar;C:\Users\612460865\.m2\repository\org\ow2\asm\asm\5.0.4\asm-5.0.4.jar;C:\Users\612460865\.m2\repository\org\slf4j\slf4j-api\1.7.25\slf4j-api-1.7.25.jar;C:\Users\612460865\.m2\repository\junit\junit\4.12\junit-4.12.jar;C:\Users\612460865\.m2\repository\org\assertj\assertj-core\3.9.1\assertj-core-3.9.1.jar;C:\Users\612460865\.m2\repository\org\mockito\mockito-core\2.15.0\mockito-core-2.15.0.jar;C:\Users\612460865\.m2\repository\net\bytebuddy\byte-buddy\1.7.9\byte-buddy-1.7.9.jar;C:\Users\612460865\.m2\repository\net\bytebuddy\byte-buddy-agent\1.7.9\byte-buddy-agent-1.7.9.jar;C:\Users\612460865\.m2\repository\org\objenesis\objenesis\2.6\objenesis-2.6.jar;C:\Users\612460865\.m2\repository\org\hamcrest\hamcrest-core\1.3\hamcrest-core-1.3.jar;C:\Users\612460865\.m2\repository\org\hamcrest\hamcrest-library\1.3\hamcrest-library-1.3.jar;C:\Users\612460865\.m2\repository\org\skyscreamer\jsonassert\1.5.0\jsonassert-1.5.0.jar;C:\Users\612460865\.m2\repository\com\vaadin\external\google\android-json\0.0.20131108.vaadin1\android-json-0.0.20131108.vaadin1.jar;C:\Users\612460865\.m2\repository\org\springframework\spring-test\5.0.7.RELEASE\spring-test-5.0.7.RELEASE.jar;C:\Users\612460865\.m2\repository\org\xmlunit\xmlunit-core\2.5.1\xmlunit-core-2.5.1.jar;C:\Users\612460865\.m2\repository\org\springframework\boot\spring-boot-starter-security\2.0.4.RELEASE\spring-boot-starter-security-2.0.4.RELEASE.jar;C:\Users\612460865\.m2\repository\org\springframework\spring-aop\5.0.8.RELEASE\spring-aop-5.0.8.RELEASE.jar;C:\Users\612460865\.m2\repository\org\springframework\security\spring-security-config\5.0.7.RELEASE\spring-security-config-5.0.7.RELEASE.jar;C:\Users\612460865\.m2\repository\org\springframework\security\spring-security-core\5.0.7.RELEASE\spring-security-core-5.0.7.RELEASE.jar;C:\Users\612460865\.m2\repository\org\springframework\security\spring-security-web\5.0.7.RELEASE\spring-security-web-5.0.7.RELEASE.jar;C:\Users\612460865\.m2\repository\org\springframework\boot\spring-boot\2.0.4.RELEASE\spring-boot-2.0.4.RELEASE.jar;C:\Users\612460865\.m2\repository\org\springframework\spring-context\5.0.7.RELEASE\spring-context-5.0.7.RELEASE.jar;C:\Users\612460865\.m2\repository\org\springframework\spring-beans\5.0.7.RELEASE\spring-beans-5.0.7.RELEASE.jar;C:\Users\612460865\.m2\repository\org\springframework\spring-expression\5.0.7.RELEASE\spring-expression-5.0.7.RELEASE.jar;C:\Users\612460865\.m2\repository\org\springframework\spring-core\5.0.7.RELEASE\spring-core-5.0.7.RELEASE.jar;C:\Users\612460865\.m2\repository\org\springframework\spring-jcl\5.0.7.RELEASE\spring-jcl-5.0.7.RELEASE.jar;C:\Users\612460865\.m2\repository\org\springframework\boot\spring-boot-autoconfigure\2.0.3.RELEASE\spring-boot-autoconfigure-2.0.3.RELEASE.jar;C:\Users\612460865\.m2\repository\org\springframework\spring-web\5.0.7.RELEASE\spring-web-5.0.7.RELEASE.jar;C:\Users\612460865\.m2\repository\io\jsonwebtoken\jjwt\0.9.1\jjwt-0.9.1.jar;C:\Users\612460865\.m2\repository\com\fasterxml\jackson\core\jackson-databind\2.9.6\jackson-databind-2.9.6.jar;C:\Users\612460865\.m2\repository\com\fasterxml\jackson\core\jackson-annotations\2.9.0\jackson-annotations-2.9.0.jar;C:\Users\612460865\.m2\repository\com\fasterxml\jackson\core\jackson-core\2.9.6\jackson-core-2.9.6.jar;C:\Users\612460865\.m2\repository\org\junit\jupiter\junit-jupiter-api\5.1.0\junit-jupiter-api-5.1.0.jar;C:\Users\612460865\.m2\repository\org\apiguardian\apiguardian-api\1.0.0\apiguardian-api-1.0.0.jar;C:\Users\612460865\.m2\repository\org\opentest4j\opentest4j\1.0.0\opentest4j-1.0.0.jar;C:\Users\612460865\.m2\repository\org\junit\platform\junit-platform-commons\1.1.0\junit-platform-commons-1.1.0.jar;C:\Users\612460865\.m2\repository\org\mongodb\mongodb-driver-sync\3.9.1\mongodb-driver-sync-3.9.1.jar;C:\Users\612460865\.m2\repository\org\mongodb\bson\3.9.1\bson-3.9.1.jar;C:\Users\612460865\.m2\repository\org\mongodb\mongodb-driver-core\3.9.1\mongodb-driver-core-3.9.1.jar;"/>
    <property name="sun.cpu.endian" value="little"/>
    <property name="user.home" value="C:\Users\612460865"/>
    <property name="user.language" value="en"/>
    <property name="java.specification.vendor" value="Oracle Corporation"/>
    <property name="java.version.date" value="2020-07-14"/>
    <property name="java.home" value="C:\Users\612460865\AppData\Local\JetBrains\Toolbox\apps\IDEA-C\ch-0\202.6948.69\jbr"/>
    <property name="file.separator" value="\"/>
    <property name="basedir" value="D:\1JavaOneWork\MyRepositories\mongodb\mflix"/>
    <property name="java.vm.compressedOopsMode" value="Zero based"/>
    <property name="line.separator" value="&#10;"/>
    <property name="java.specification.name" value="Java Platform API Specification"/>
    <property name="java.vm.specification.vendor" value="Oracle Corporation"/>
    <property name="java.awt.graphicsenv" value="sun.awt.Win32GraphicsEnvironment"/>
    <property name="surefire.real.class.path" value="C:\Users\612460~1\AppData\Local\Temp\surefire3683119064111451256\surefirebooter17583175652363138809.jar"/>
    <property name="user.script" value=""/>
    <property name="sun.management.compiler" value="HotSpot 64-Bit Tiered Compilers"/>
    <property name="java.runtime.version" value="11.0.8+10-b944.31"/>
    <property name="user.name" value="612460865"/>
    <property name="path.separator" value=";"/>
    <property name="os.version" value="10.0"/>
    <property name="java.runtime.name" value="OpenJDK Runtime Environment"/>
    <property name="file.encoding" value="Cp1252"/>
    <property name="java.vm.name" value="OpenJDK 64-Bit Server VM"/>
    <property name="java.vendor.version" value="JBR-11.0.8.10-944.31-jcef"/>
    <property name="localRepository" value="C:\Users\612460865\.m2\repository"/>
    <property name="java.vendor.url.bug" value="https://bugreport.java.com/bugreport/"/>
    <property name="java.io.tmpdir" value="C:\Users\612460~1\AppData\Local\Temp\"/>
    <property name="idea.version" value="2020.2.1"/>
    <property name="java.version" value="11.0.8"/>
    <property name="user.dir" value="D:\1JavaOneWork\MyRepositories\mongodb\mflix"/>
    <property name="os.arch" value="amd64"/>
    <property name="java.vm.specification.name" value="Java Virtual Machine Specification"/>
    <property name="java.awt.printerjob" value="sun.awt.windows.WPrinterJob"/>
    <property name="sun.os.patch.level" value=""/>
    <property name="java.library.path" value="C:\Users\612460865\AppData\Local\JetBrains\Toolbox\apps\IDEA-C\ch-0\202.6948.69\jbr\bin;C:\WINDOWS\Sun\Java\bin;C:\WINDOWS\system32;C:\WINDOWS;C:\oraclexe\dbhomeXE\bin;C:\Program Files (x86)\Common Files\Oracle\Java\javapath;C:\WINDOWS\system32;C:\WINDOWS;C:\WINDOWS\System32\Wbem;C:\WINDOWS\System32\WindowsPowerShell\v1.0\;C:\WINDOWS\System32\OpenSSH\;C:\Program Files\Git\cmd;C:\Program Files\TortoiseSVN\bin;C:\Program Files\PuTTY\;C:\Program Files\Docker\Docker\resources\bin;C:\ProgramData\DockerDesktop\version-bin;C:\Program Files\nodejs\;C:\Program Files\Amazon\AWSCLIV2\;C:\Program Files\Java\jdk1.8.0_241\bin;C:\Users\612460865\AppData\Roaming\npm;D:\1JavaOneWork\BasicInstalled\mongosh;D:\1JavaOneWork\BasicInstalled\mongodb\bin;;."/>
    <property name="java.vm.info" value="mixed mode"/>
    <property name="java.vendor" value="JetBrains s.r.o."/>
    <property name="java.vm.version" value="11.0.8+10-b944.31"/>
    <property name="sun.io.unicode.encoding" value="UnicodeLittle"/>
    <property name="java.class.version" value="55.0"/>
  </properties>
  <testcase name="testConfiguredConnectionTimeoutMs" classname="mflix.api.daos.TimeoutsTest" time="8.157">
    <error type="java.lang.NullPointerException">java.lang.NullPointerException
	at mflix.api.daos.TimeoutsTest.testConfiguredConnectionTimeoutMs(TimeoutsTest.java:58)
</error>
    <system-out><![CDATA[2020-09-14 17:39:28.271  INFO 27984 --- [           main] .b.t.c.SpringBootTestContextBootstrapper : Neither @ContextConfiguration nor @ContextHierarchy found for test class [mflix.api.daos.TimeoutsTest], using SpringBootContextLoader
2020-09-14 17:39:28.272  INFO 27984 --- [           main] o.s.t.c.support.AbstractContextLoader    : Could not detect default resource locations for test class [mflix.api.daos.TimeoutsTest]: no resource found for suffixes {-context.xml, Context.groovy}.
2020-09-14 17:39:28.274  INFO 27984 --- [           main] .b.t.c.SpringBootTestContextBootstrapper : Loaded default TestExecutionListener class names from location [META-INF/spring.factories]: [org.springframework.boot.test.mock.mockito.MockitoTestExecutionListener, org.springframework.boot.test.mock.mockito.ResetMocksTestExecutionListener, org.springframework.boot.test.autoconfigure.restdocs.RestDocsTestExecutionListener, org.springframework.boot.test.autoconfigure.web.client.MockRestServiceServerResetTestExecutionListener, org.springframework.boot.test.autoconfigure.web.servlet.MockMvcPrintOnlyOnFailureTestExecutionListener, org.springframework.boot.test.autoconfigure.web.servlet.WebDriverTestExecutionListener, org.springframework.test.context.web.ServletTestExecutionListener, org.springframework.test.context.support.DirtiesContextBeforeModesTestExecutionListener, org.springframework.test.context.support.DependencyInjectionTestExecutionListener, org.springframework.test.context.support.DirtiesContextTestExecutionListener, org.springframework.test.context.transaction.TransactionalTestExecutionListener, org.springframework.test.context.jdbc.SqlScriptsTestExecutionListener]
2020-09-14 17:39:28.275  INFO 27984 --- [           main] .b.t.c.SpringBootTestContextBootstrapper : Using TestExecutionListeners: [org.springframework.test.context.web.ServletTestExecutionListener@14d8e132, org.springframework.test.context.support.DirtiesContextBeforeModesTestExecutionListener@7f4a1cac, org.springframework.boot.test.mock.mockito.MockitoTestExecutionListener@4a1a412e, org.springframework.boot.test.autoconfigure.SpringBootDependencyInjectionTestExecutionListener@c568f91, org.springframework.test.context.support.DirtiesContextTestExecutionListener@5fd43e58, org.springframework.boot.test.mock.mockito.ResetMocksTestExecutionListener@70d4f672, org.springframework.boot.test.autoconfigure.restdocs.RestDocsTestExecutionListener@68dfda77, org.springframework.boot.test.autoconfigure.web.client.MockRestServiceServerResetTestExecutionListener@50cdfafa, org.springframework.boot.test.autoconfigure.web.servlet.MockMvcPrintOnlyOnFailureTestExecutionListener@2e952845, org.springframework.boot.test.autoconfigure.web.servlet.WebDriverTestExecutionListener@79252c83]

  .   ____          _            __ _ _
 /\\ / ___'_ __ _ _(_)_ __  __ _ \ \ \ \
( ( )\___ | '_ | '_| | '_ \/ _` | \ \ \ \
 \\/  ___)| |_)| | | | | || (_| |  ) ) ) )
  '  |____| .__|_| |_|_| |_\__, | / / / /
 =========|_|==============|___/=/_/_/_/
 :: Spring Boot ::        (v2.0.4.RELEASE)

2020-09-14 17:39:28.289  INFO 27984 --- [           main] mflix.api.daos.TimeoutsTest              : Starting TimeoutsTest on BTP208303 with PID 27984 (started by 612460865 in D:\1JavaOneWork\MyRepositories\mongodb\mflix)
2020-09-14 17:39:28.290  INFO 27984 --- [           main] mflix.api.daos.TimeoutsTest              : No active profile set, falling back to default profiles: default
2020-09-14 17:39:28.291  INFO 27984 --- [           main] o.s.w.c.s.GenericWebApplicationContext   : Refreshing org.springframework.web.context.support.GenericWebApplicationContext@3b5a19ed: startup date [Mon Sep 14 17:39:28 IST 2020]; root of context hierarchy
2020-09-14 17:39:28.352  INFO 27984 --- [ngodb.net:27017] org.mongodb.driver.cluster               : Monitor thread successfully connected to server with description ServerDescription{address=mflix-shard-00-01.auswo.mongodb.net:27017, type=REPLICA_SET_PRIMARY, state=CONNECTED, ok=true, version=ServerVersion{versionList=[4, 2, 9]}, minWireVersion=0, maxWireVersion=8, maxDocumentSize=16777216, logicalSessionTimeoutMinutes=30, roundTripTimeNanos=242283320, setName='atlas-fqf6z7-shard-0', canonicalAddress=mflix-shard-00-01.auswo.mongodb.net:27017, hosts=[mflix-shard-00-02.auswo.mongodb.net:27017, mflix-shard-00-01.auswo.mongodb.net:27017, mflix-shard-00-00.auswo.mongodb.net:27017], passives=[], arbiters=[], primary='mflix-shard-00-01.auswo.mongodb.net:27017', tagSet=TagSet{[Tag{name='nodeType', value='ELECTABLE'}, Tag{name='region', value='US_EAST_1'}, Tag{name='provider', value='AWS'}]}, electionId=7fffffff0000000000000003, setVersion=1, lastWriteDate=Mon Sep 14 17:39:28 IST 2020, lastUpdateTimeNanos=187129876472600}
2020-09-14 17:39:28.630  INFO 27984 --- [ngodb.net:27017] org.mongodb.driver.cluster               : Monitor thread successfully connected to server with description ServerDescription{address=mflix-shard-00-00.auswo.mongodb.net:27017, type=REPLICA_SET_SECONDARY, state=CONNECTED, ok=true, version=ServerVersion{versionList=[4, 2, 9]}, minWireVersion=0, maxWireVersion=8, maxDocumentSize=16777216, logicalSessionTimeoutMinutes=30, roundTripTimeNanos=239961800, setName='atlas-fqf6z7-shard-0', canonicalAddress=mflix-shard-00-00.auswo.mongodb.net:27017, hosts=[mflix-shard-00-02.auswo.mongodb.net:27017, mflix-shard-00-01.auswo.mongodb.net:27017, mflix-shard-00-00.auswo.mongodb.net:27017], passives=[], arbiters=[], primary='mflix-shard-00-01.auswo.mongodb.net:27017', tagSet=TagSet{[Tag{name='nodeType', value='ELECTABLE'}, Tag{name='provider', value='AWS'}, Tag{name='region', value='US_EAST_1'}]}, electionId=null, setVersion=1, lastWriteDate=Mon Sep 14 17:39:28 IST 2020, lastUpdateTimeNanos=187130154593800}
2020-09-14 17:39:29.076  INFO 27984 --- [ngodb.net:27017] org.mongodb.driver.cluster               : Monitor thread successfully connected to server with description ServerDescription{address=mflix-shard-00-02.auswo.mongodb.net:27017, type=REPLICA_SET_SECONDARY, state=CONNECTED, ok=true, version=ServerVersion{versionList=[4, 2, 9]}, minWireVersion=0, maxWireVersion=8, maxDocumentSize=16777216, logicalSessionTimeoutMinutes=30, roundTripTimeNanos=239866348, setName='atlas-fqf6z7-shard-0', canonicalAddress=mflix-shard-00-02.auswo.mongodb.net:27017, hosts=[mflix-shard-00-02.auswo.mongodb.net:27017, mflix-shard-00-01.auswo.mongodb.net:27017, mflix-shard-00-00.auswo.mongodb.net:27017], passives=[], arbiters=[], primary='mflix-shard-00-01.auswo.mongodb.net:27017', tagSet=TagSet{[Tag{name='nodeType', value='ELECTABLE'}, Tag{name='region', value='US_EAST_1'}, Tag{name='provider', value='AWS'}]}, electionId=null, setVersion=1, lastWriteDate=Mon Sep 14 17:39:28 IST 2020, lastUpdateTimeNanos=187130601362200}
2020-09-14 17:39:29.076  INFO 27984 --- [ngodb.net:27017] org.mongodb.driver.cluster               : Monitor thread successfully connected to server with description ServerDescription{address=mflix-shard-00-00.auswo.mongodb.net:27017, type=REPLICA_SET_SECONDARY, state=CONNECTED, ok=true, version=ServerVersion{versionList=[4, 2, 9]}, minWireVersion=0, maxWireVersion=8, maxDocumentSize=16777216, logicalSessionTimeoutMinutes=30, roundTripTimeNanos=239406300, setName='atlas-fqf6z7-shard-0', canonicalAddress=mflix-shard-00-00.auswo.mongodb.net:27017, hosts=[mflix-shard-00-02.auswo.mongodb.net:27017, mflix-shard-00-01.auswo.mongodb.net:27017, mflix-shard-00-00.auswo.mongodb.net:27017], passives=[], arbiters=[], primary='mflix-shard-00-01.auswo.mongodb.net:27017', tagSet=TagSet{[Tag{name='nodeType', value='ELECTABLE'}, Tag{name='provider', value='AWS'}, Tag{name='region', value='US_EAST_1'}]}, electionId=null, setVersion=1, lastWriteDate=Mon Sep 14 17:39:28 IST 2020, lastUpdateTimeNanos=187130601362100}
2020-09-14 17:39:30.349  INFO 27984 --- [ngodb.net:27017] org.mongodb.driver.cluster               : Monitor thread successfully connected to server with description ServerDescription{address=mflix-shard-00-01.auswo.mongodb.net:27017, type=REPLICA_SET_PRIMARY, state=CONNECTED, ok=true, version=ServerVersion{versionList=[4, 2, 9]}, minWireVersion=0, maxWireVersion=8, maxDocumentSize=16777216, logicalSessionTimeoutMinutes=30, roundTripTimeNanos=248727872, setName='atlas-fqf6z7-shard-0', canonicalAddress=mflix-shard-00-01.auswo.mongodb.net:27017, hosts=[mflix-shard-00-02.auswo.mongodb.net:27017, mflix-shard-00-01.auswo.mongodb.net:27017, mflix-shard-00-00.auswo.mongodb.net:27017], passives=[], arbiters=[], primary='mflix-shard-00-01.auswo.mongodb.net:27017', tagSet=TagSet{[Tag{name='provider', value='AWS'}, Tag{name='region', value='US_EAST_1'}, Tag{name='nodeType', value='ELECTABLE'}]}, electionId=7fffffff0000000000000003, setVersion=1, lastWriteDate=Mon Sep 14 17:39:28 IST 2020, lastUpdateTimeNanos=187131873400500}
2020-09-14 17:39:30.816  INFO 27984 --- [ngodb.net:27017] org.mongodb.driver.cluster               : Monitor thread successfully connected to server with description ServerDescription{address=mflix-shard-00-01.auswo.mongodb.net:27017, type=REPLICA_SET_PRIMARY, state=CONNECTED, ok=true, version=ServerVersion{versionList=[4, 2, 9]}, minWireVersion=0, maxWireVersion=8, maxDocumentSize=16777216, logicalSessionTimeoutMinutes=30, roundTripTimeNanos=242709116, setName='atlas-fqf6z7-shard-0', canonicalAddress=mflix-shard-00-01.auswo.mongodb.net:27017, hosts=[mflix-shard-00-02.auswo.mongodb.net:27017, mflix-shard-00-01.auswo.mongodb.net:27017, mflix-shard-00-00.auswo.mongodb.net:27017], passives=[], arbiters=[], primary='mflix-shard-00-01.auswo.mongodb.net:27017', tagSet=TagSet{[Tag{name='provider', value='AWS'}, Tag{name='region', value='US_EAST_1'}, Tag{name='nodeType', value='ELECTABLE'}]}, electionId=7fffffff0000000000000003, setVersion=1, lastWriteDate=Mon Sep 14 17:39:28 IST 2020, lastUpdateTimeNanos=187132341583300}
2020-09-14 17:39:30.828  INFO 27984 --- [ngodb.net:27017] org.mongodb.driver.cluster               : Monitor thread successfully connected to server with description ServerDescription{address=mflix-shard-00-02.auswo.mongodb.net:27017, type=REPLICA_SET_SECONDARY, state=CONNECTED, ok=true, version=ServerVersion{versionList=[4, 2, 9]}, minWireVersion=0, maxWireVersion=8, maxDocumentSize=16777216, logicalSessionTimeoutMinutes=30, roundTripTimeNanos=243179048, setName='atlas-fqf6z7-shard-0', canonicalAddress=mflix-shard-00-02.auswo.mongodb.net:27017, hosts=[mflix-shard-00-02.auswo.mongodb.net:27017, mflix-shard-00-01.auswo.mongodb.net:27017, mflix-shard-00-00.auswo.mongodb.net:27017], passives=[], arbiters=[], primary='mflix-shard-00-01.auswo.mongodb.net:27017', tagSet=TagSet{[Tag{name='nodeType', value='ELECTABLE'}, Tag{name='region', value='US_EAST_1'}, Tag{name='provider', value='AWS'}]}, electionId=null, setVersion=1, lastWriteDate=Mon Sep 14 17:39:28 IST 2020, lastUpdateTimeNanos=187132352540400}
2020-09-14 17:39:31.028  INFO 27984 --- [ngodb.net:27017] org.mongodb.driver.cluster               : Monitor thread successfully connected to server with description ServerDescription{address=mflix-shard-00-00.auswo.mongodb.net:27017, type=REPLICA_SET_SECONDARY, state=CONNECTED, ok=true, version=ServerVersion{versionList=[4, 2, 9]}, minWireVersion=0, maxWireVersion=8, maxDocumentSize=16777216, logicalSessionTimeoutMinutes=30, roundTripTimeNanos=240985660, setName='atlas-fqf6z7-shard-0', canonicalAddress=mflix-shard-00-00.auswo.mongodb.net:27017, hosts=[mflix-shard-00-02.auswo.mongodb.net:27017, mflix-shard-00-01.auswo.mongodb.net:27017, mflix-shard-00-00.auswo.mongodb.net:27017], passives=[], arbiters=[], primary='mflix-shard-00-01.auswo.mongodb.net:27017', tagSet=TagSet{[Tag{name='nodeType', value='ELECTABLE'}, Tag{name='provider', value='AWS'}, Tag{name='region', value='US_EAST_1'}]}, electionId=null, setVersion=1, lastWriteDate=Mon Sep 14 17:39:28 IST 2020, lastUpdateTimeNanos=187132553402300}
2020-09-14 17:39:31.028  INFO 27984 --- [ngodb.net:27017] org.mongodb.driver.cluster               : Monitor thread successfully connected to server with description ServerDescription{address=mflix-shard-00-02.auswo.mongodb.net:27017, type=REPLICA_SET_SECONDARY, state=CONNECTED, ok=true, version=ServerVersion{versionList=[4, 2, 9]}, minWireVersion=0, maxWireVersion=8, maxDocumentSize=16777216, logicalSessionTimeoutMinutes=30, roundTripTimeNanos=240771666, setName='atlas-fqf6z7-shard-0', canonicalAddress=mflix-shard-00-02.auswo.mongodb.net:27017, hosts=[mflix-shard-00-02.auswo.mongodb.net:27017, mflix-shard-00-01.auswo.mongodb.net:27017, mflix-shard-00-00.auswo.mongodb.net:27017], passives=[], arbiters=[], primary='mflix-shard-00-01.auswo.mongodb.net:27017', tagSet=TagSet{[Tag{name='nodeType', value='ELECTABLE'}, Tag{name='region', value='US_EAST_1'}, Tag{name='provider', value='AWS'}]}, electionId=null, setVersion=1, lastWriteDate=Mon Sep 14 17:39:28 IST 2020, lastUpdateTimeNanos=187132553679200}
2020-09-14 17:39:31.552  INFO 27984 --- [ngodb.net:27017] org.mongodb.driver.cluster               : Monitor thread successfully connected to server with description ServerDescription{address=mflix-shard-00-00.auswo.mongodb.net:27017, type=REPLICA_SET_SECONDARY, state=CONNECTED, ok=true, version=ServerVersion{versionList=[4, 2, 9]}, minWireVersion=0, maxWireVersion=8, maxDocumentSize=16777216, logicalSessionTimeoutMinutes=30, roundTripTimeNanos=240521511, setName='atlas-fqf6z7-shard-0', canonicalAddress=mflix-shard-00-00.auswo.mongodb.net:27017, hosts=[mflix-shard-00-02.auswo.mongodb.net:27017, mflix-shard-00-01.auswo.mongodb.net:27017, mflix-shard-00-00.auswo.mongodb.net:27017], passives=[], arbiters=[], primary='mflix-shard-00-01.auswo.mongodb.net:27017', tagSet=TagSet{[Tag{name='nodeType', value='ELECTABLE'}, Tag{name='provider', value='AWS'}, Tag{name='region', value='US_EAST_1'}]}, electionId=null, setVersion=1, lastWriteDate=Mon Sep 14 17:39:28 IST 2020, lastUpdateTimeNanos=187133076727600}
2020-09-14 17:39:36.448  INFO 27984 --- [ngodb.net:27017] org.mongodb.driver.cluster               : Monitor thread successfully connected to server with description ServerDescription{address=mflix-shard-00-02.auswo.mongodb.net:27017, type=REPLICA_SET_SECONDARY, state=CONNECTED, ok=true, version=ServerVersion{versionList=[4, 2, 9]}, minWireVersion=0, maxWireVersion=8, maxDocumentSize=16777216, logicalSessionTimeoutMinutes=30, roundTripTimeNanos=246223276, setName='atlas-fqf6z7-shard-0', canonicalAddress=mflix-shard-00-02.auswo.mongodb.net:27017, hosts=[mflix-shard-00-02.auswo.mongodb.net:27017, mflix-shard-00-01.auswo.mongodb.net:27017, mflix-shard-00-00.auswo.mongodb.net:27017], passives=[], arbiters=[], primary='mflix-shard-00-01.auswo.mongodb.net:27017', tagSet=TagSet{[Tag{name='nodeType', value='ELECTABLE'}, Tag{name='region', value='US_EAST_1'}, Tag{name='provider', value='AWS'}]}, electionId=null, setVersion=1, lastWriteDate=Mon Sep 14 17:39:35 IST 2020, lastUpdateTimeNanos=187137973891400}
2020-09-14 17:39:36.453  INFO 27984 --- [ngodb.net:27017] org.mongodb.driver.cluster               : Monitor thread successfully connected to server with description ServerDescription{address=mflix-shard-00-00.auswo.mongodb.net:27017, type=REPLICA_SET_SECONDARY, state=CONNECTED, ok=true, version=ServerVersion{versionList=[4, 2, 9]}, minWireVersion=0, maxWireVersion=8, maxDocumentSize=16777216, logicalSessionTimeoutMinutes=30, roundTripTimeNanos=246652554, setName='atlas-fqf6z7-shard-0', canonicalAddress=mflix-shard-00-00.auswo.mongodb.net:27017, hosts=[mflix-shard-00-02.auswo.mongodb.net:27017, mflix-shard-00-01.auswo.mongodb.net:27017, mflix-shard-00-00.auswo.mongodb.net:27017], passives=[], arbiters=[], primary='mflix-shard-00-01.auswo.mongodb.net:27017', tagSet=TagSet{[Tag{name='nodeType', value='ELECTABLE'}, Tag{name='provider', value='AWS'}, Tag{name='region', value='US_EAST_1'}]}, electionId=null, setVersion=1, lastWriteDate=Mon Sep 14 17:39:35 IST 2020, lastUpdateTimeNanos=187137978303500}
2020-09-14 17:39:36.660  INFO 27984 --- [           main] org.mongodb.driver.cluster               : Cluster created with settings {hosts=[mflix-shard-00-00.auswo.mongodb.net:27017, mflix-shard-00-01.auswo.mongodb.net:27017, mflix-shard-00-02.auswo.mongodb.net:27017], mode=MULTIPLE, requiredClusterType=REPLICA_SET, serverSelectionTimeout='30000 ms', maxWaitQueueSize=500, requiredReplicaSetName='atlas-fqf6z7-shard-0'}
2020-09-14 17:39:36.660  INFO 27984 --- [           main] org.mongodb.driver.cluster               : Adding discovered server mflix-shard-00-00.auswo.mongodb.net:27017 to client view of cluster
2020-09-14 17:39:36.661  INFO 27984 --- [           main] org.mongodb.driver.cluster               : Adding discovered server mflix-shard-00-01.auswo.mongodb.net:27017 to client view of cluster
2020-09-14 17:39:36.661  INFO 27984 --- [           main] org.mongodb.driver.cluster               : Adding discovered server mflix-shard-00-02.auswo.mongodb.net:27017 to client view of cluster
2020-09-14 17:39:36.736  INFO 27984 --- [           main] o.s.w.s.handler.SimpleUrlHandlerMapping  : Mapped URL path [/**/favicon.ico] onto handler of type [class org.springframework.web.servlet.resource.ResourceHttpRequestHandler]
2020-09-14 17:39:36.786  INFO 27984 --- [           main] s.w.s.m.m.a.RequestMappingHandlerAdapter : Looking for @ControllerAdvice: org.springframework.web.context.support.GenericWebApplicationContext@3b5a19ed: startup date [Mon Sep 14 17:39:28 IST 2020]; root of context hierarchy
2020-09-14 17:39:36.795  INFO 27984 --- [           main] s.w.s.m.m.a.RequestMappingHandlerMapping : Mapped "{[/error]}" onto public org.springframework.http.ResponseEntity<java.util.Map<java.lang.String, java.lang.Object>> org.springframework.boot.autoconfigure.web.servlet.error.BasicErrorController.error(javax.servlet.http.HttpServletRequest)
2020-09-14 17:39:36.795  INFO 27984 --- [           main] s.w.s.m.m.a.RequestMappingHandlerMapping : Mapped "{[/error],produces=[text/html]}" onto public org.springframework.web.servlet.ModelAndView org.springframework.boot.autoconfigure.web.servlet.error.BasicErrorController.errorHtml(javax.servlet.http.HttpServletRequest,javax.servlet.http.HttpServletResponse)
2020-09-14 17:39:36.804  INFO 27984 --- [           main] o.s.w.s.handler.SimpleUrlHandlerMapping  : Mapped URL path [/webjars/**] onto handler of type [class org.springframework.web.servlet.resource.ResourceHttpRequestHandler]
2020-09-14 17:39:36.805  INFO 27984 --- [           main] o.s.w.s.handler.SimpleUrlHandlerMapping  : Mapped URL path [/**] onto handler of type [class org.springframework.web.servlet.resource.ResourceHttpRequestHandler]
2020-09-14 17:39:36.820  INFO 27984 --- [           main] o.s.b.a.w.s.WelcomePageHandlerMapping    : Adding welcome page: class path resource [build/index.html]
2020-09-14 17:39:36.877  INFO 27984 --- [           main] .s.s.UserDetailsServiceAutoConfiguration : 

Using generated security password: ebc00922-e941-44eb-986c-42deb848728d

2020-09-14 17:39:36.916  INFO 27984 --- [           main] o.s.s.web.DefaultSecurityFilterChain     : Creating filter chain: org.springframework.security.web.util.matcher.AnyRequestMatcher@1, [org.springframework.security.web.context.request.async.WebAsyncManagerIntegrationFilter@25533bba, org.springframework.security.web.context.SecurityContextPersistenceFilter@3dc39459, org.springframework.security.web.header.HeaderWriterFilter@4b4a2fa8, org.springframework.security.web.csrf.CsrfFilter@179ee36b, org.springframework.security.web.authentication.logout.LogoutFilter@383cdd4d, org.springframework.security.web.authentication.UsernamePasswordAuthenticationFilter@16d41725, org.springframework.security.web.authentication.ui.DefaultLoginPageGeneratingFilter@197ce367, org.springframework.security.web.authentication.www.BasicAuthenticationFilter@3b6c2be6, org.springframework.security.web.savedrequest.RequestCacheAwareFilter@6b16de91, org.springframework.security.web.servletapi.SecurityContextHolderAwareRequestFilter@71bb8b34, org.springframework.security.web.authentication.AnonymousAuthenticationFilter@26d0ece6, org.springframework.security.web.session.SessionManagementFilter@5da6b13d, org.springframework.security.web.access.ExceptionTranslationFilter@67763ebe, org.springframework.security.web.access.intercept.FilterSecurityInterceptor@685d7ba5]
2020-09-14 17:39:36.938  INFO 27984 --- [           main] mflix.api.daos.TimeoutsTest              : Started TimeoutsTest in 8.662 seconds (JVM running for 74.218)
2020-09-14 17:39:37.886  INFO 27984 --- [ngodb.net:27017] org.mongodb.driver.connection            : Opened connection [connectionId{localValue:22, serverValue:1031}] to mflix-shard-00-01.auswo.mongodb.net:27017
2020-09-14 17:39:37.895  INFO 27984 --- [ngodb.net:27017] org.mongodb.driver.connection            : Opened connection [connectionId{localValue:23, serverValue:125}] to mflix-shard-00-02.auswo.mongodb.net:27017
2020-09-14 17:39:37.898  INFO 27984 --- [ngodb.net:27017] org.mongodb.driver.connection            : Opened connection [connectionId{localValue:21, serverValue:436}] to mflix-shard-00-00.auswo.mongodb.net:27017
2020-09-14 17:39:38.129  INFO 27984 --- [ngodb.net:27017] org.mongodb.driver.cluster               : Monitor thread successfully connected to server with description ServerDescription{address=mflix-shard-00-01.auswo.mongodb.net:27017, type=REPLICA_SET_PRIMARY, state=CONNECTED, ok=true, version=ServerVersion{versionList=[4, 2, 9]}, minWireVersion=0, maxWireVersion=8, maxDocumentSize=16777216, logicalSessionTimeoutMinutes=30, roundTripTimeNanos=241943800, setName='atlas-fqf6z7-shard-0', canonicalAddress=mflix-shard-00-01.auswo.mongodb.net:27017, hosts=[mflix-shard-00-02.auswo.mongodb.net:27017, mflix-shard-00-01.auswo.mongodb.net:27017, mflix-shard-00-00.auswo.mongodb.net:27017], passives=[], arbiters=[], primary='mflix-shard-00-01.auswo.mongodb.net:27017', tagSet=TagSet{[Tag{name='provider', value='AWS'}, Tag{name='region', value='US_EAST_1'}, Tag{name='nodeType', value='ELECTABLE'}]}, electionId=7fffffff0000000000000003, setVersion=1, lastWriteDate=Mon Sep 14 17:39:35 IST 2020, lastUpdateTimeNanos=187139654062400}
2020-09-14 17:39:38.130  INFO 27984 --- [ngodb.net:27017] org.mongodb.driver.cluster               : Setting max election id to 7fffffff0000000000000003 from replica set primary mflix-shard-00-01.auswo.mongodb.net:27017
2020-09-14 17:39:38.130  INFO 27984 --- [ngodb.net:27017] org.mongodb.driver.cluster               : Setting max set version to 1 from replica set primary mflix-shard-00-01.auswo.mongodb.net:27017
2020-09-14 17:39:38.130  INFO 27984 --- [ngodb.net:27017] org.mongodb.driver.cluster               : Discovered replica set primary mflix-shard-00-01.auswo.mongodb.net:27017
2020-09-14 17:39:38.138  INFO 27984 --- [ngodb.net:27017] org.mongodb.driver.cluster               : Monitor thread successfully connected to server with description ServerDescription{address=mflix-shard-00-02.auswo.mongodb.net:27017, type=REPLICA_SET_SECONDARY, state=CONNECTED, ok=true, version=ServerVersion{versionList=[4, 2, 9]}, minWireVersion=0, maxWireVersion=8, maxDocumentSize=16777216, logicalSessionTimeoutMinutes=30, roundTripTimeNanos=242619800, setName='atlas-fqf6z7-shard-0', canonicalAddress=mflix-shard-00-02.auswo.mongodb.net:27017, hosts=[mflix-shard-00-02.auswo.mongodb.net:27017, mflix-shard-00-01.auswo.mongodb.net:27017, mflix-shard-00-00.auswo.mongodb.net:27017], passives=[], arbiters=[], primary='mflix-shard-00-01.auswo.mongodb.net:27017', tagSet=TagSet{[Tag{name='nodeType', value='ELECTABLE'}, Tag{name='region', value='US_EAST_1'}, Tag{name='provider', value='AWS'}]}, electionId=null, setVersion=1, lastWriteDate=Mon Sep 14 17:39:35 IST 2020, lastUpdateTimeNanos=187139663191600}
2020-09-14 17:39:38.142  INFO 27984 --- [ngodb.net:27017] org.mongodb.driver.cluster               : Monitor thread successfully connected to server with description ServerDescription{address=mflix-shard-00-00.auswo.mongodb.net:27017, type=REPLICA_SET_SECONDARY, state=CONNECTED, ok=true, version=ServerVersion{versionList=[4, 2, 9]}, minWireVersion=0, maxWireVersion=8, maxDocumentSize=16777216, logicalSessionTimeoutMinutes=30, roundTripTimeNanos=242424000, setName='atlas-fqf6z7-shard-0', canonicalAddress=mflix-shard-00-00.auswo.mongodb.net:27017, hosts=[mflix-shard-00-02.auswo.mongodb.net:27017, mflix-shard-00-01.auswo.mongodb.net:27017, mflix-shard-00-00.auswo.mongodb.net:27017], passives=[], arbiters=[], primary='mflix-shard-00-01.auswo.mongodb.net:27017', tagSet=TagSet{[Tag{name='nodeType', value='ELECTABLE'}, Tag{name='provider', value='AWS'}, Tag{name='region', value='US_EAST_1'}]}, electionId=null, setVersion=1, lastWriteDate=Mon Sep 14 17:39:35 IST 2020, lastUpdateTimeNanos=187139666467100}
2020-09-14 17:39:38.155  INFO 27984 --- [ngodb.net:27017] org.mongodb.driver.cluster               : Monitor thread successfully connected to server with description ServerDescription{address=mflix-shard-00-01.auswo.mongodb.net:27017, type=REPLICA_SET_PRIMARY, state=CONNECTED, ok=true, version=ServerVersion{versionList=[4, 2, 9]}, minWireVersion=0, maxWireVersion=8, maxDocumentSize=16777216, logicalSessionTimeoutMinutes=30, roundTripTimeNanos=242213354, setName='atlas-fqf6z7-shard-0', canonicalAddress=mflix-shard-00-01.auswo.mongodb.net:27017, hosts=[mflix-shard-00-02.auswo.mongodb.net:27017, mflix-shard-00-01.auswo.mongodb.net:27017, mflix-shard-00-00.auswo.mongodb.net:27017], passives=[], arbiters=[], primary='mflix-shard-00-01.auswo.mongodb.net:27017', tagSet=TagSet{[Tag{name='provider', value='AWS'}, Tag{name='region', value='US_EAST_1'}, Tag{name='nodeType', value='ELECTABLE'}]}, electionId=7fffffff0000000000000003, setVersion=1, lastWriteDate=Mon Sep 14 17:39:35 IST 2020, lastUpdateTimeNanos=187139680014900}
2020-09-14 17:39:38.595  INFO 27984 --- [ngodb.net:27017] org.mongodb.driver.cluster               : Monitor thread successfully connected to server with description ServerDescription{address=mflix-shard-00-01.auswo.mongodb.net:27017, type=REPLICA_SET_PRIMARY, state=CONNECTED, ok=true, version=ServerVersion{versionList=[4, 2, 9]}, minWireVersion=0, maxWireVersion=8, maxDocumentSize=16777216, logicalSessionTimeoutMinutes=30, roundTripTimeNanos=242350696, setName='atlas-fqf6z7-shard-0', canonicalAddress=mflix-shard-00-01.auswo.mongodb.net:27017, hosts=[mflix-shard-00-02.auswo.mongodb.net:27017, mflix-shard-00-01.auswo.mongodb.net:27017, mflix-shard-00-00.auswo.mongodb.net:27017], passives=[], arbiters=[], primary='mflix-shard-00-01.auswo.mongodb.net:27017', tagSet=TagSet{[Tag{name='provider', value='AWS'}, Tag{name='region', value='US_EAST_1'}, Tag{name='nodeType', value='ELECTABLE'}]}, electionId=7fffffff0000000000000003, setVersion=1, lastWriteDate=Mon Sep 14 17:39:35 IST 2020, lastUpdateTimeNanos=187140120555100}
2020-09-14 17:39:41.019  INFO 27984 --- [           main] org.mongodb.driver.cluster               : Cluster created with settings {hosts=[mflix-shard-00-01.auswo.mongodb.net:27017, mflix-shard-00-02.auswo.mongodb.net:27017, mflix-shard-00-00.auswo.mongodb.net:27017], mode=MULTIPLE, requiredClusterType=REPLICA_SET, serverSelectionTimeout='30000 ms', maxWaitQueueSize=500, requiredReplicaSetName='atlas-fqf6z7-shard-0'}
2020-09-14 17:39:41.019  INFO 27984 --- [           main] org.mongodb.driver.cluster               : Adding discovered server mflix-shard-00-01.auswo.mongodb.net:27017 to client view of cluster
2020-09-14 17:39:41.019  INFO 27984 --- [           main] org.mongodb.driver.cluster               : Adding discovered server mflix-shard-00-02.auswo.mongodb.net:27017 to client view of cluster
2020-09-14 17:39:41.020  INFO 27984 --- [           main] org.mongodb.driver.cluster               : Adding discovered server mflix-shard-00-00.auswo.mongodb.net:27017 to client view of cluster
2020-09-14 17:39:41.269  INFO 27984 --- [ngodb.net:27017] org.mongodb.driver.cluster               : Monitor thread successfully connected to server with description ServerDescription{address=mflix-shard-00-02.auswo.mongodb.net:27017, type=REPLICA_SET_SECONDARY, state=CONNECTED, ok=true, version=ServerVersion{versionList=[4, 2, 9]}, minWireVersion=0, maxWireVersion=8, maxDocumentSize=16777216, logicalSessionTimeoutMinutes=30, roundTripTimeNanos=240628652, setName='atlas-fqf6z7-shard-0', canonicalAddress=mflix-shard-00-02.auswo.mongodb.net:27017, hosts=[mflix-shard-00-02.auswo.mongodb.net:27017, mflix-shard-00-01.auswo.mongodb.net:27017, mflix-shard-00-00.auswo.mongodb.net:27017], passives=[], arbiters=[], primary='mflix-shard-00-01.auswo.mongodb.net:27017', tagSet=TagSet{[Tag{name='provider', value='AWS'}, Tag{name='nodeType', value='ELECTABLE'}, Tag{name='region', value='US_EAST_1'}]}, electionId=null, setVersion=1, lastWriteDate=Mon Sep 14 17:39:35 IST 2020, lastUpdateTimeNanos=187142794497700}
2020-09-14 17:39:42.331  INFO 27984 --- [ngodb.net:27017] org.mongodb.driver.connection            : Opened connection [connectionId{localValue:24, serverValue:334}] to mflix-shard-00-01.auswo.mongodb.net:27017
2020-09-14 17:39:42.343  INFO 27984 --- [ngodb.net:27017] org.mongodb.driver.connection            : Opened connection [connectionId{localValue:25, serverValue:37}] to mflix-shard-00-02.auswo.mongodb.net:27017
2020-09-14 17:39:42.343  INFO 27984 --- [ngodb.net:27017] org.mongodb.driver.connection            : Opened connection [connectionId{localValue:26, serverValue:436}] to mflix-shard-00-00.auswo.mongodb.net:27017
2020-09-14 17:39:42.572  INFO 27984 --- [ngodb.net:27017] org.mongodb.driver.cluster               : Monitor thread successfully connected to server with description ServerDescription{address=mflix-shard-00-01.auswo.mongodb.net:27017, type=REPLICA_SET_PRIMARY, state=CONNECTED, ok=true, version=ServerVersion{versionList=[4, 2, 9]}, minWireVersion=0, maxWireVersion=8, maxDocumentSize=16777216, logicalSessionTimeoutMinutes=30, roundTripTimeNanos=239055200, setName='atlas-fqf6z7-shard-0', canonicalAddress=mflix-shard-00-01.auswo.mongodb.net:27017, hosts=[mflix-shard-00-02.auswo.mongodb.net:27017, mflix-shard-00-01.auswo.mongodb.net:27017, mflix-shard-00-00.auswo.mongodb.net:27017], passives=[], arbiters=[], primary='mflix-shard-00-01.auswo.mongodb.net:27017', tagSet=TagSet{[Tag{name='provider', value='AWS'}, Tag{name='region', value='US_EAST_1'}, Tag{name='nodeType', value='ELECTABLE'}]}, electionId=7fffffff0000000000000003, setVersion=1, lastWriteDate=Mon Sep 14 17:39:41 IST 2020, lastUpdateTimeNanos=187144095986500}
2020-09-14 17:39:42.572  INFO 27984 --- [ngodb.net:27017] org.mongodb.driver.cluster               : Setting max election id to 7fffffff0000000000000003 from replica set primary mflix-shard-00-01.auswo.mongodb.net:27017
2020-09-14 17:39:42.573  INFO 27984 --- [ngodb.net:27017] org.mongodb.driver.cluster               : Setting max set version to 1 from replica set primary mflix-shard-00-01.auswo.mongodb.net:27017
2020-09-14 17:39:42.573  INFO 27984 --- [ngodb.net:27017] org.mongodb.driver.cluster               : Discovered replica set primary mflix-shard-00-01.auswo.mongodb.net:27017
2020-09-14 17:39:42.587  INFO 27984 --- [ngodb.net:27017] org.mongodb.driver.cluster               : Monitor thread successfully connected to server with description ServerDescription{address=mflix-shard-00-00.auswo.mongodb.net:27017, type=REPLICA_SET_SECONDARY, state=CONNECTED, ok=true, version=ServerVersion{versionList=[4, 2, 9]}, minWireVersion=0, maxWireVersion=8, maxDocumentSize=16777216, logicalSessionTimeoutMinutes=30, roundTripTimeNanos=242895500, setName='atlas-fqf6z7-shard-0', canonicalAddress=mflix-shard-00-00.auswo.mongodb.net:27017, hosts=[mflix-shard-00-02.auswo.mongodb.net:27017, mflix-shard-00-01.auswo.mongodb.net:27017, mflix-shard-00-00.auswo.mongodb.net:27017], passives=[], arbiters=[], primary='mflix-shard-00-01.auswo.mongodb.net:27017', tagSet=TagSet{[Tag{name='nodeType', value='ELECTABLE'}, Tag{name='provider', value='AWS'}, Tag{name='region', value='US_EAST_1'}]}, electionId=null, setVersion=1, lastWriteDate=Mon Sep 14 17:39:41 IST 2020, lastUpdateTimeNanos=187144111703100}
2020-09-14 17:39:42.587  INFO 27984 --- [ngodb.net:27017] org.mongodb.driver.cluster               : Monitor thread successfully connected to server with description ServerDescription{address=mflix-shard-00-02.auswo.mongodb.net:27017, type=REPLICA_SET_SECONDARY, state=CONNECTED, ok=true, version=ServerVersion{versionList=[4, 2, 9]}, minWireVersion=0, maxWireVersion=8, maxDocumentSize=16777216, logicalSessionTimeoutMinutes=30, roundTripTimeNanos=243005400, setName='atlas-fqf6z7-shard-0', canonicalAddress=mflix-shard-00-02.auswo.mongodb.net:27017, hosts=[mflix-shard-00-02.auswo.mongodb.net:27017, mflix-shard-00-01.auswo.mongodb.net:27017, mflix-shard-00-00.auswo.mongodb.net:27017], passives=[], arbiters=[], primary='mflix-shard-00-01.auswo.mongodb.net:27017', tagSet=TagSet{[Tag{name='provider', value='AWS'}, Tag{name='nodeType', value='ELECTABLE'}, Tag{name='region', value='US_EAST_1'}]}, electionId=null, setVersion=1, lastWriteDate=Mon Sep 14 17:39:41 IST 2020, lastUpdateTimeNanos=187144111755800}
]]></system-out>
  </testcase>
  <testcase name="testConfiguredWtimeout" classname="mflix.api.daos.TimeoutsTest" time="4.082">
    <error type="java.lang.NullPointerException">java.lang.NullPointerException
	at mflix.api.daos.TimeoutsTest.testConfiguredWtimeout(TimeoutsTest.java:49)
</error>
    <system-out><![CDATA[2020-09-14 17:39:46.697  INFO 27984 --- [ngodb.net:27017] org.mongodb.driver.cluster               : Monitor thread successfully connected to server with description ServerDescription{address=mflix-shard-00-00.auswo.mongodb.net:27017, type=REPLICA_SET_SECONDARY, state=CONNECTED, ok=true, version=ServerVersion{versionList=[4, 2, 9]}, minWireVersion=0, maxWireVersion=8, maxDocumentSize=16777216, logicalSessionTimeoutMinutes=30, roundTripTimeNanos=245937783, setName='atlas-fqf6z7-shard-0', canonicalAddress=mflix-shard-00-00.auswo.mongodb.net:27017, hosts=[mflix-shard-00-02.auswo.mongodb.net:27017, mflix-shard-00-01.auswo.mongodb.net:27017, mflix-shard-00-00.auswo.mongodb.net:27017], passives=[], arbiters=[], primary='mflix-shard-00-01.auswo.mongodb.net:27017', tagSet=TagSet{[Tag{name='nodeType', value='ELECTABLE'}, Tag{name='region', value='US_EAST_1'}, Tag{name='provider', value='AWS'}]}, electionId=null, setVersion=1, lastWriteDate=Mon Sep 14 17:39:41 IST 2020, lastUpdateTimeNanos=187148222282100}
2020-09-14 17:39:48.371  INFO 27984 --- [ngodb.net:27017] org.mongodb.driver.cluster               : Monitor thread successfully connected to server with description ServerDescription{address=mflix-shard-00-01.auswo.mongodb.net:27017, type=REPLICA_SET_PRIMARY, state=CONNECTED, ok=true, version=ServerVersion{versionList=[4, 2, 9]}, minWireVersion=0, maxWireVersion=8, maxDocumentSize=16777216, logicalSessionTimeoutMinutes=30, roundTripTimeNanos=241509360, setName='atlas-fqf6z7-shard-0', canonicalAddress=mflix-shard-00-01.auswo.mongodb.net:27017, hosts=[mflix-shard-00-02.auswo.mongodb.net:27017, mflix-shard-00-01.auswo.mongodb.net:27017, mflix-shard-00-00.auswo.mongodb.net:27017], passives=[], arbiters=[], primary='mflix-shard-00-01.auswo.mongodb.net:27017', tagSet=TagSet{[Tag{name='provider', value='AWS'}, Tag{name='nodeType', value='ELECTABLE'}, Tag{name='region', value='US_EAST_1'}]}, electionId=7fffffff0000000000000003, setVersion=1, lastWriteDate=Mon Sep 14 17:39:41 IST 2020, lastUpdateTimeNanos=187149896257100}
2020-09-14 17:39:48.399  INFO 27984 --- [ngodb.net:27017] org.mongodb.driver.cluster               : Monitor thread successfully connected to server with description ServerDescription{address=mflix-shard-00-01.auswo.mongodb.net:27017, type=REPLICA_SET_PRIMARY, state=CONNECTED, ok=true, version=ServerVersion{versionList=[4, 2, 9]}, minWireVersion=0, maxWireVersion=8, maxDocumentSize=16777216, logicalSessionTimeoutMinutes=30, roundTripTimeNanos=242108283, setName='atlas-fqf6z7-shard-0', canonicalAddress=mflix-shard-00-01.auswo.mongodb.net:27017, hosts=[mflix-shard-00-02.auswo.mongodb.net:27017, mflix-shard-00-01.auswo.mongodb.net:27017, mflix-shard-00-00.auswo.mongodb.net:27017], passives=[], arbiters=[], primary='mflix-shard-00-01.auswo.mongodb.net:27017', tagSet=TagSet{[Tag{name='provider', value='AWS'}, Tag{name='nodeType', value='ELECTABLE'}, Tag{name='region', value='US_EAST_1'}]}, electionId=7fffffff0000000000000003, setVersion=1, lastWriteDate=Mon Sep 14 17:39:41 IST 2020, lastUpdateTimeNanos=187149924158100}
2020-09-14 17:39:48.839  INFO 27984 --- [ngodb.net:27017] org.mongodb.driver.cluster               : Monitor thread successfully connected to server with description ServerDescription{address=mflix-shard-00-01.auswo.mongodb.net:27017, type=REPLICA_SET_PRIMARY, state=CONNECTED, ok=true, version=ServerVersion{versionList=[4, 2, 9]}, minWireVersion=0, maxWireVersion=8, maxDocumentSize=16777216, logicalSessionTimeoutMinutes=30, roundTripTimeNanos=242340876, setName='atlas-fqf6z7-shard-0', canonicalAddress=mflix-shard-00-01.auswo.mongodb.net:27017, hosts=[mflix-shard-00-02.auswo.mongodb.net:27017, mflix-shard-00-01.auswo.mongodb.net:27017, mflix-shard-00-00.auswo.mongodb.net:27017], passives=[], arbiters=[], primary='mflix-shard-00-01.auswo.mongodb.net:27017', tagSet=TagSet{[Tag{name='provider', value='AWS'}, Tag{name='nodeType', value='ELECTABLE'}, Tag{name='region', value='US_EAST_1'}]}, electionId=7fffffff0000000000000003, setVersion=1, lastWriteDate=Mon Sep 14 17:39:41 IST 2020, lastUpdateTimeNanos=187150364163100}
2020-09-14 17:39:49.176  INFO 27984 --- [           main] org.mongodb.driver.cluster               : Cluster created with settings {hosts=[mflix-shard-00-01.auswo.mongodb.net:27017, mflix-shard-00-02.auswo.mongodb.net:27017, mflix-shard-00-00.auswo.mongodb.net:27017], mode=MULTIPLE, requiredClusterType=REPLICA_SET, serverSelectionTimeout='30000 ms', maxWaitQueueSize=500, requiredReplicaSetName='atlas-fqf6z7-shard-0'}
2020-09-14 17:39:49.176  INFO 27984 --- [           main] org.mongodb.driver.cluster               : Adding discovered server mflix-shard-00-01.auswo.mongodb.net:27017 to client view of cluster
2020-09-14 17:39:49.177  INFO 27984 --- [           main] org.mongodb.driver.cluster               : Adding discovered server mflix-shard-00-02.auswo.mongodb.net:27017 to client view of cluster
2020-09-14 17:39:49.177  INFO 27984 --- [           main] org.mongodb.driver.cluster               : Adding discovered server mflix-shard-00-00.auswo.mongodb.net:27017 to client view of cluster
]]></system-out>
  </testcase>
</testsuite>